Using pre-set license
Built from '2020.3/staging' branch; Version is '2020.3.6f1 (338bb68529b2) revision 3378102'; Using compiler version '192528614'; Build Type 'Release'
OS: 'Windows 10 Home; OS build 19043.1466; Version 2009; 64bit' Language: 'en' Physical Memory: 16273 MB
BatchMode: 1, IsHumanControllingUs: 0, StartBugReporterOnCrash: 0, Is64bit: 1, IsPro: 0

 COMMAND LINE ARGUMENTS:
D:\Program Files\Unity\Unity Installs\2020.3.6f1\Editor\Unity.exe
-adb2
-batchMode
-noUpm
-name
AssetImportWorker0
-projectPath
D:/Github/Endless-Horde-Zombie-Shooter/EndlessZombieHordeShooter
-logFile
Logs/AssetImportWorker0.log
-srvPort
62469
Successfully changed project path to: D:/Github/Endless-Horde-Zombie-Shooter/EndlessZombieHordeShooter
D:/Github/Endless-Horde-Zombie-Shooter/EndlessZombieHordeShooter
Using Asset Import Pipeline V2.
Refreshing native plugins compatible for Editor in 62.74 ms, found 0 plugins.
Preloading 0 native plugins for Editor in 0.00 ms.
Initialize engine version: 2020.3.6f1 (338bb68529b2)
[Subsystems] Discovering subsystems at path D:/Program Files/Unity/Unity Installs/2020.3.6f1/Editor/Data/Resources/UnitySubsystems
[Subsystems] Discovering subsystems at path D:/Github/Endless-Horde-Zombie-Shooter/EndlessZombieHordeShooter/Assets
GfxDevice: creating device client; threaded=0
Direct3D:
    Version:  Direct3D 11.0 [level 11.1]
    Renderer: NVIDIA GeForce GTX 965M (ID=0x1427)
    Vendor:   
    VRAM:     4053 MB
    Driver:   30.0.14.7168
Initialize mono
Mono path[0] = 'D:/Program Files/Unity/Unity Installs/2020.3.6f1/Editor/Data/Managed'
Mono path[1] = 'D:/Program Files/Unity/Unity Installs/2020.3.6f1/Editor/Data/MonoBleedingEdge/lib/mono/unityjit'
Mono config path = 'D:/Program Files/Unity/Unity Installs/2020.3.6f1/Editor/Data/MonoBleedingEdge/etc'
Using monoOptions --debugger-agent=transport=dt_socket,embedding=1,server=y,suspend=n,address=127.0.0.1:56656
Begin MonoManager ReloadAssembly
Registering precompiled unity dll's ...
Register platform support module: D:/Program Files/Unity/Unity Installs/2020.3.6f1/Editor/Data/PlaybackEngines/WebGLSupport/UnityEditor.WebGL.Extensions.dll
Register platform support module: D:/Program Files/Unity/Unity Installs/2020.3.6f1/Editor/Data/PlaybackEngines/WindowsStandaloneSupport/UnityEditor.WindowsStandalone.Extensions.dll
Registered in 0.001945 seconds.
Native extension for WindowsStandalone target not found
Native extension for WebGL target not found
Refreshing native plugins compatible for Editor in 51.96 ms, found 0 plugins.
Preloading 0 native plugins for Editor in 0.00 ms.
Mono: successfully reloaded assembly
- Completed reload, in  3.284 seconds
Platform modules already initialized, skipping
Registering precompiled user dll's ...
Registered in 0.000864 seconds.
Begin MonoManager ReloadAssembly
Native extension for WindowsStandalone target not found
Native extension for WebGL target not found
Refreshing native plugins compatible for Editor in 53.00 ms, found 0 plugins.
Preloading 0 native plugins for Editor in 0.00 ms.
Mono: successfully reloaded assembly
- Completed reload, in  1.628 seconds
Platform modules already initialized, skipping
========================================================================
Worker process is ready to serve import requests
Launched and connected shader compiler UnityShaderCompiler.exe after 0.08 seconds
Refreshing native plugins compatible for Editor in 0.53 ms, found 0 plugins.
Preloading 0 native plugins for Editor in 0.00 ms.
Unloading 1921 Unused Serialized files (Serialized files now loaded: 0)
System memory in use before: 88.5 MB.
System memory in use after: 88.5 MB.

Unloading 13 unused Assets to reduce memory usage. Loaded Objects now: 2367.
Total: 4.989100 ms (FindLiveObjects: 0.444200 ms CreateObjectMapping: 0.178100 ms MarkObjects: 4.176900 ms  DeleteObjects: 0.188200 ms)

========================================================================
Received Import Request.
  path: Assets/Art/Characters/Animations/walk backwards stop.fbx
  artifactKey: Guid(fc4ec8b59db6f4e44812f17013f68e2c) Importer(815301076,1909f56bfc062723c751e8b465ee728b)
Start importing Assets/Art/Characters/Animations/walk backwards stop.fbx using Guid(fc4ec8b59db6f4e44812f17013f68e2c) Importer(815301076,1909f56bfc062723c751e8b465ee728b)  -> (artifact id: '867b9b62a5e21339311ed59413d1defe') in 0.230224 seconds
  Import took 0.240077 seconds .

========================================================================
Received Import Request.
  Time since last request: 27.735778 seconds.
  path: Assets/Art/Characters/PlayerAnimController.controller
  artifactKey: Guid(b510c425db476c14199496a3f25e1b14) Importer(815301076,1909f56bfc062723c751e8b465ee728b)
Start importing Assets/Art/Characters/PlayerAnimController.controller using Guid(b510c425db476c14199496a3f25e1b14) Importer(815301076,1909f56bfc062723c751e8b465ee728b)  -> (artifact id: '98d7934beaca29d28631b818ac72d1d5') in 0.026028 seconds
  Import took 0.032224 seconds .

========================================================================
Received Import Request.
  Time since last request: 298.464988 seconds.
  path: Assets/Art/Characters/Animations/rifle run.fbx
  artifactKey: Guid(2368ad1fe2b6596469f7e39b5eacc105) Importer(815301076,1909f56bfc062723c751e8b465ee728b)
Start importing Assets/Art/Characters/Animations/rifle run.fbx using Guid(2368ad1fe2b6596469f7e39b5eacc105) Importer(815301076,1909f56bfc062723c751e8b465ee728b)  -> (artifact id: '0dfae930f06b20c80a14fa27b82ff311') in 0.032392 seconds
  Import took 0.039064 seconds .

========================================================================
Received Import Request.
  Time since last request: 357.755178 seconds.
  path: Assets/Art/Characters/Animations/rifle run.fbx
  artifactKey: Guid(2368ad1fe2b6596469f7e39b5eacc105) Importer(815301076,1909f56bfc062723c751e8b465ee728b)
Start importing Assets/Art/Characters/Animations/rifle run.fbx using Guid(2368ad1fe2b6596469f7e39b5eacc105) Importer(815301076,1909f56bfc062723c751e8b465ee728b)  -> (artifact id: '997ff39e27bafb7ef0f00ebc98f9431f') in 0.010920 seconds
  Import took 0.016059 seconds .

========================================================================
Received Import Request.
  Time since last request: 80.950700 seconds.
  path: Assets/Art/Characters/Animations/run backwards.fbx
  artifactKey: Guid(ef52d8e49b951f544bc9a84cd0e1ef13) Importer(815301076,1909f56bfc062723c751e8b465ee728b)
Start importing Assets/Art/Characters/Animations/run backwards.fbx using Guid(ef52d8e49b951f544bc9a84cd0e1ef13) Importer(815301076,1909f56bfc062723c751e8b465ee728b)  -> (artifact id: '9aac9fc133733459c4c74c027e3694a7') in 0.028532 seconds
  Import took 0.034478 seconds .

========================================================================
Received Import Request.
  Time since last request: 151.121300 seconds.
  path: Assets/Art/Characters/Animations/run backwards.fbx
  artifactKey: Guid(ef52d8e49b951f544bc9a84cd0e1ef13) Importer(815301076,1909f56bfc062723c751e8b465ee728b)
Start importing Assets/Art/Characters/Animations/run backwards.fbx using Guid(ef52d8e49b951f544bc9a84cd0e1ef13) Importer(815301076,1909f56bfc062723c751e8b465ee728b)  -> (artifact id: '0dddd4d49a0c1bbcc0ef13e649ea4284') in 0.011368 seconds
  Import took 0.016254 seconds .

========================================================================
Received Import Request.
  Time since last request: 32.140591 seconds.
  path: Assets/Art/Characters/Animations/strafe (2).fbx
  artifactKey: Guid(89493f231ba796c43a6b9c5792c12257) Importer(815301076,1909f56bfc062723c751e8b465ee728b)
Start importing Assets/Art/Characters/Animations/strafe (2).fbx using Guid(89493f231ba796c43a6b9c5792c12257) Importer(815301076,1909f56bfc062723c751e8b465ee728b)  -> (artifact id: 'a1dfd43df9446d540c3429325db0d7ef') in 0.024874 seconds
  Import took 0.030689 seconds .

========================================================================
Received Import Request.
  Time since last request: 2.964928 seconds.
  path: Assets/Art/Characters/Animations/strafe.fbx
  artifactKey: Guid(cde7d7f897a37514da267e22356253d5) Importer(815301076,1909f56bfc062723c751e8b465ee728b)
Start importing Assets/Art/Characters/Animations/strafe.fbx using Guid(cde7d7f897a37514da267e22356253d5) Importer(815301076,1909f56bfc062723c751e8b465ee728b)  -> (artifact id: 'a496468b47763b0d87dda4426835eba0') in 0.016972 seconds
  Import took 0.022118 seconds .

========================================================================
Received Import Request.
  Time since last request: 5.640010 seconds.
  path: Assets/Art/Characters/Animations/Douglas@Strafe Left.fbx
  artifactKey: Guid(00f1d8cb592f9c846bf021a21f05854e) Importer(815301076,1909f56bfc062723c751e8b465ee728b)
Start importing Assets/Art/Characters/Animations/Douglas@Strafe Left.fbx using Guid(00f1d8cb592f9c846bf021a21f05854e) Importer(815301076,1909f56bfc062723c751e8b465ee728b)  -> (artifact id: '469f7c6571e2d1c0b3a36df9729126fc') in 0.017327 seconds
  Import took 0.022925 seconds .

========================================================================
Received Import Request.
  Time since last request: 34.920258 seconds.
  path: Assets/Art/Characters/Animations/strafe.fbx
  artifactKey: Guid(cde7d7f897a37514da267e22356253d5) Importer(815301076,1909f56bfc062723c751e8b465ee728b)
Start importing Assets/Art/Characters/Animations/strafe.fbx using Guid(cde7d7f897a37514da267e22356253d5) Importer(815301076,1909f56bfc062723c751e8b465ee728b)  -> (artifact id: 'd934b29c73f29fb86815adbbb7254a94') in 0.011929 seconds
  Import took 0.020315 seconds .

========================================================================
Received Import Request.
  Time since last request: 134.406578 seconds.
  path: Assets/Art/Characters/Animations/strafe (2).fbx
  artifactKey: Guid(89493f231ba796c43a6b9c5792c12257) Importer(815301076,1909f56bfc062723c751e8b465ee728b)
Start importing Assets/Art/Characters/Animations/strafe (2).fbx using Guid(89493f231ba796c43a6b9c5792c12257) Importer(815301076,1909f56bfc062723c751e8b465ee728b)  -> (artifact id: '37e8befba6894268daf0e3ef5f113fdd') in 0.012943 seconds
  Import took 0.019724 seconds .

========================================================================
Received Import Request.
  Time since last request: 0.359973 seconds.
  path: Assets/Art/Characters/Animations/strafe.fbx
  artifactKey: Guid(cde7d7f897a37514da267e22356253d5) Importer(815301076,1909f56bfc062723c751e8b465ee728b)
Start importing Assets/Art/Characters/Animations/strafe.fbx using Guid(cde7d7f897a37514da267e22356253d5) Importer(815301076,1909f56bfc062723c751e8b465ee728b)  -> (artifact id: 'bcbf9978386d568983641e3be099f4d2') in 0.013629 seconds
  Import took 0.020733 seconds .

========================================================================
Received Import Request.
  Time since last request: 12.063715 seconds.
  path: Assets/Art/Characters/PlayerAnimController.controller
  artifactKey: Guid(b510c425db476c14199496a3f25e1b14) Importer(815301076,1909f56bfc062723c751e8b465ee728b)
Start importing Assets/Art/Characters/PlayerAnimController.controller using Guid(b510c425db476c14199496a3f25e1b14) Importer(815301076,1909f56bfc062723c751e8b465ee728b)  -> (artifact id: 'cbc17bdd14424faa5cff84383b7079d6') in 0.019557 seconds
  Import took 0.027875 seconds .

========================================================================
Received Import Request.
  Time since last request: 0.001414 seconds.
  path: Assets/Art/Characters/PlayerAnimController.controller
  artifactKey: Guid(b510c425db476c14199496a3f25e1b14) Importer(815301076,1909f56bfc062723c751e8b465ee728b)
Start importing Assets/Art/Characters/PlayerAnimController.controller using Guid(b510c425db476c14199496a3f25e1b14) Importer(815301076,1909f56bfc062723c751e8b465ee728b)  -> (artifact id: 'cbc17bdd14424faa5cff84383b7079d6') in 0.021055 seconds
  Import took 0.028413 seconds .

========================================================================
Received Prepare
Registering precompiled user dll's ...
Registered in 0.000846 seconds.
Begin MonoManager ReloadAssembly
Native extension for WindowsStandalone target not found
Native extension for WebGL target not found
Refreshing native plugins compatible for Editor in 0.42 ms, found 0 plugins.
Preloading 0 native plugins for Editor in 0.00 ms.
Mono: successfully reloaded assembly
- Completed reload, in  1.459 seconds
Platform modules already initialized, skipping
Refreshing native plugins compatible for Editor in 0.60 ms, found 0 plugins.
Preloading 0 native plugins for Editor in 0.00 ms.
Unloading 1891 Unused Serialized files (Serialized files now loaded: 0)
System memory in use before: 86.6 MB.
System memory in use after: 86.7 MB.

Unloading 6 unused Assets to reduce memory usage. Loaded Objects now: 2370.
Total: 3.690900 ms (FindLiveObjects: 0.370100 ms CreateObjectMapping: 0.086900 ms MarkObjects: 3.144600 ms  DeleteObjects: 0.087100 ms)

========================================================================
Received Prepare
Registering precompiled user dll's ...
Registered in 0.001211 seconds.
Begin MonoManager ReloadAssembly
Native extension for WindowsStandalone target not found
Native extension for WebGL target not found
Refreshing native plugins compatible for Editor in 0.35 ms, found 0 plugins.
Preloading 0 native plugins for Editor in 0.00 ms.
Mono: successfully reloaded assembly
- Completed reload, in  1.214 seconds
Platform modules already initialized, skipping
Refreshing native plugins compatible for Editor in 0.42 ms, found 0 plugins.
Preloading 0 native plugins for Editor in 0.00 ms.
Unloading 1891 Unused Serialized files (Serialized files now loaded: 0)
System memory in use before: 86.6 MB.
System memory in use after: 86.7 MB.

Unloading 6 unused Assets to reduce memory usage. Loaded Objects now: 2373.
Total: 4.820200 ms (FindLiveObjects: 0.409500 ms CreateObjectMapping: 0.073600 ms MarkObjects: 4.210900 ms  DeleteObjects: 0.102600 ms)

========================================================================
Received Import Request.
  Time since last request: 589.087978 seconds.
  path: Assets/Data/PlayerInputActions.inputactions
  artifactKey: Guid(8890171b86917f2499bf0c9124f6dad7) Importer(815301076,1909f56bfc062723c751e8b465ee728b)
Start importing Assets/Data/PlayerInputActions.inputactions using Guid(8890171b86917f2499bf0c9124f6dad7) Importer(815301076,1909f56bfc062723c751e8b465ee728b)  -> (artifact id: 'bee17c2f00dc3ed7f6d25dffa3f58cb8') in 0.032579 seconds
  Import took 0.036504 seconds .

========================================================================
Received Prepare
Registering precompiled user dll's ...
Registered in 0.002612 seconds.
Begin MonoManager ReloadAssembly
Native extension for WindowsStandalone target not found
Native extension for WebGL target not found
Refreshing native plugins compatible for Editor in 0.51 ms, found 0 plugins.
Preloading 0 native plugins for Editor in 0.00 ms.
Mono: successfully reloaded assembly
- Completed reload, in  2.854 seconds
Platform modules already initialized, skipping
Refreshing native plugins compatible for Editor in 0.69 ms, found 0 plugins.
Preloading 0 native plugins for Editor in 0.00 ms.
Unloading 1891 Unused Serialized files (Serialized files now loaded: 0)
System memory in use before: 86.6 MB.
System memory in use after: 86.7 MB.

Unloading 6 unused Assets to reduce memory usage. Loaded Objects now: 2376.
Total: 2.996600 ms (FindLiveObjects: 0.300200 ms CreateObjectMapping: 0.093100 ms MarkObjects: 2.450100 ms  DeleteObjects: 0.151700 ms)

========================================================================
Received Import Request.
  Time since last request: 38.868568 seconds.
  path: Assets/Data/PlayerInputActions.inputactions
  artifactKey: Guid(8890171b86917f2499bf0c9124f6dad7) Importer(815301076,1909f56bfc062723c751e8b465ee728b)
Start importing Assets/Data/PlayerInputActions.inputactions using Guid(8890171b86917f2499bf0c9124f6dad7) Importer(815301076,1909f56bfc062723c751e8b465ee728b)  -> (artifact id: '1daeb9ff424b8d4f141e1e2231874a24') in 0.034876 seconds
  Import took 0.039733 seconds .

========================================================================
Received Prepare
Registering precompiled user dll's ...
Registered in 0.002205 seconds.
Begin MonoManager ReloadAssembly
Native extension for WindowsStandalone target not found
Native extension for WebGL target not found
Refreshing native plugins compatible for Editor in 0.36 ms, found 0 plugins.
Preloading 0 native plugins for Editor in 0.00 ms.
Mono: successfully reloaded assembly
- Completed reload, in  1.302 seconds
Platform modules already initialized, skipping
Refreshing native plugins compatible for Editor in 0.60 ms, found 0 plugins.
Preloading 0 native plugins for Editor in 0.00 ms.
Unloading 1891 Unused Serialized files (Serialized files now loaded: 0)
System memory in use before: 86.6 MB.
System memory in use after: 86.7 MB.

Unloading 6 unused Assets to reduce memory usage. Loaded Objects now: 2379.
Total: 2.640500 ms (FindLiveObjects: 0.198100 ms CreateObjectMapping: 0.072700 ms MarkObjects: 2.230400 ms  DeleteObjects: 0.137900 ms)

========================================================================
Received Import Request.
  Time since last request: 256.443455 seconds.
  path: Assets/Data/PlayerInputActions.inputactions
  artifactKey: Guid(8890171b86917f2499bf0c9124f6dad7) Importer(815301076,1909f56bfc062723c751e8b465ee728b)
Start importing Assets/Data/PlayerInputActions.inputactions using Guid(8890171b86917f2499bf0c9124f6dad7) Importer(815301076,1909f56bfc062723c751e8b465ee728b)  -> (artifact id: '9949802c35d95429bc7eaa73cc116e03') in 0.025228 seconds
  Import took 0.029798 seconds .

========================================================================
Received Import Request.
  Time since last request: 1.607243 seconds.
  path: Assets/Data/PlayerInputActions.inputactions
  artifactKey: Guid(8890171b86917f2499bf0c9124f6dad7) Importer(815301076,1909f56bfc062723c751e8b465ee728b)
Start importing Assets/Data/PlayerInputActions.inputactions using Guid(8890171b86917f2499bf0c9124f6dad7) Importer(815301076,1909f56bfc062723c751e8b465ee728b)  -> (artifact id: '9949802c35d95429bc7eaa73cc116e03') in 0.005212 seconds
  Import took 0.010035 seconds .

========================================================================
Received Prepare
Registering precompiled user dll's ...
Registered in 0.001888 seconds.
Begin MonoManager ReloadAssembly
Native extension for WindowsStandalone target not found
Native extension for WebGL target not found
Refreshing native plugins compatible for Editor in 0.37 ms, found 0 plugins.
Preloading 0 native plugins for Editor in 0.00 ms.
Mono: successfully reloaded assembly
- Completed reload, in  1.483 seconds
Platform modules already initialized, skipping
Refreshing native plugins compatible for Editor in 0.73 ms, found 0 plugins.
Preloading 0 native plugins for Editor in 0.00 ms.
Unloading 1891 Unused Serialized files (Serialized files now loaded: 0)
System memory in use before: 86.7 MB.
System memory in use after: 86.7 MB.

Unloading 6 unused Assets to reduce memory usage. Loaded Objects now: 2382.
Total: 5.196900 ms (FindLiveObjects: 0.357100 ms CreateObjectMapping: 0.261400 ms MarkObjects: 4.413700 ms  DeleteObjects: 0.162800 ms)

========================================================================
Received Prepare
Registering precompiled user dll's ...
Registered in 0.001122 seconds.
Begin MonoManager ReloadAssembly
Native extension for WindowsStandalone target not found
Native extension for WebGL target not found
Refreshing native plugins compatible for Editor in 0.33 ms, found 0 plugins.
Preloading 0 native plugins for Editor in 0.00 ms.
Mono: successfully reloaded assembly
- Completed reload, in  1.302 seconds
Platform modules already initialized, skipping
Refreshing native plugins compatible for Editor in 0.44 ms, found 0 plugins.
Preloading 0 native plugins for Editor in 0.00 ms.
Unloading 1891 Unused Serialized files (Serialized files now loaded: 0)
System memory in use before: 86.7 MB.
System memory in use after: 86.8 MB.

Unloading 6 unused Assets to reduce memory usage. Loaded Objects now: 2385.
Total: 4.009100 ms (FindLiveObjects: 0.909300 ms CreateObjectMapping: 0.198400 ms MarkObjects: 2.765400 ms  DeleteObjects: 0.134500 ms)

========================================================================
Received Prepare
Registering precompiled user dll's ...
Registered in 0.001055 seconds.
Begin MonoManager ReloadAssembly
Native extension for WindowsStandalone target not found
Native extension for WebGL target not found
Refreshing native plugins compatible for Editor in 0.48 ms, found 0 plugins.
Preloading 0 native plugins for Editor in 0.00 ms.
Mono: successfully reloaded assembly
- Completed reload, in  1.966 seconds
Platform modules already initialized, skipping
Refreshing native plugins compatible for Editor in 1.52 ms, found 0 plugins.
Preloading 0 native plugins for Editor in 0.00 ms.
Unloading 1891 Unused Serialized files (Serialized files now loaded: 0)
System memory in use before: 86.7 MB.
System memory in use after: 86.8 MB.

Unloading 6 unused Assets to reduce memory usage. Loaded Objects now: 2388.
Total: 8.931400 ms (FindLiveObjects: 0.835400 ms CreateObjectMapping: 0.341900 ms MarkObjects: 7.514300 ms  DeleteObjects: 0.235100 ms)

========================================================================
Received Import Request.
  Time since last request: 372.269026 seconds.
  path: Assets/Art/Crosshair Sprite.png
  artifactKey: Guid(22110a322c10ce04b94d4539dbcda1f1) Importer(815301076,1909f56bfc062723c751e8b465ee728b)
Start importing Assets/Art/Crosshair Sprite.png using Guid(22110a322c10ce04b94d4539dbcda1f1) Importer(815301076,1909f56bfc062723c751e8b465ee728b)  -> (artifact id: '8c9050467a0cb85ac25081a10a0be3c2') in 0.088537 seconds
  Import took 0.094036 seconds .

========================================================================
Received Import Request.
  Time since last request: 0.022046 seconds.
  path: Assets/Art/Crosshair Sprite.png
  artifactKey: Guid(22110a322c10ce04b94d4539dbcda1f1) Importer(815301076,1909f56bfc062723c751e8b465ee728b)
Start importing Assets/Art/Crosshair Sprite.png using Guid(22110a322c10ce04b94d4539dbcda1f1) Importer(815301076,1909f56bfc062723c751e8b465ee728b)  -> (artifact id: '8c9050467a0cb85ac25081a10a0be3c2') in 0.016039 seconds
  Import took 0.020336 seconds .

========================================================================
Received Import Request.
  Time since last request: 4.244547 seconds.
  path: Assets/Art/Crosshair Sprite.png
  artifactKey: Guid(22110a322c10ce04b94d4539dbcda1f1) Importer(815301076,1909f56bfc062723c751e8b465ee728b)
Start importing Assets/Art/Crosshair Sprite.png using Guid(22110a322c10ce04b94d4539dbcda1f1) Importer(815301076,1909f56bfc062723c751e8b465ee728b)  -> (artifact id: 'c81e36563c73d7afaac1846297241b1d') in 0.069148 seconds
  Import took 0.075042 seconds .

========================================================================
Received Prepare
Registering precompiled user dll's ...
Registered in 0.001639 seconds.
Begin MonoManager ReloadAssembly
Native extension for WindowsStandalone target not found
Native extension for WebGL target not found
Refreshing native plugins compatible for Editor in 0.85 ms, found 0 plugins.
Preloading 0 native plugins for Editor in 0.00 ms.
Mono: successfully reloaded assembly
- Completed reload, in  1.238 seconds
Platform modules already initialized, skipping
Refreshing native plugins compatible for Editor in 0.39 ms, found 0 plugins.
Preloading 0 native plugins for Editor in 0.00 ms.
Unloading 1891 Unused Serialized files (Serialized files now loaded: 0)
System memory in use before: 89.6 MB.
System memory in use after: 89.7 MB.

Unloading 6 unused Assets to reduce memory usage. Loaded Objects now: 2397.
Total: 2.599100 ms (FindLiveObjects: 0.251300 ms CreateObjectMapping: 0.068100 ms MarkObjects: 2.143500 ms  DeleteObjects: 0.135300 ms)

========================================================================
Received Import Request.
  Time since last request: 57.735757 seconds.
  path: Assets/Art/Characters/Animations/jump forward.fbx
  artifactKey: Guid(2fb0ee292572a1a44abe9b70be5f2dbd) Importer(815301076,1909f56bfc062723c751e8b465ee728b)
Start importing Assets/Art/Characters/Animations/jump forward.fbx using Guid(2fb0ee292572a1a44abe9b70be5f2dbd) Importer(815301076,1909f56bfc062723c751e8b465ee728b)  -> (artifact id: 'b57654669ec39b9702c8c6e6afaacff7') in 0.058512 seconds
  Import took 0.063878 seconds .

========================================================================
Received Prepare
Registering precompiled user dll's ...
Registered in 0.001053 seconds.
Begin MonoManager ReloadAssembly
Native extension for WindowsStandalone target not found
Native extension for WebGL target not found
Refreshing native plugins compatible for Editor in 0.41 ms, found 0 plugins.
Preloading 0 native plugins for Editor in 0.00 ms.
Mono: successfully reloaded assembly
- Completed reload, in  1.250 seconds
Platform modules already initialized, skipping
Refreshing native plugins compatible for Editor in 0.42 ms, found 0 plugins.
Preloading 0 native plugins for Editor in 0.00 ms.
Unloading 1891 Unused Serialized files (Serialized files now loaded: 0)
System memory in use before: 89.6 MB.
System memory in use after: 89.7 MB.

Unloading 6 unused Assets to reduce memory usage. Loaded Objects now: 2400.
Total: 3.803500 ms (FindLiveObjects: 0.685800 ms CreateObjectMapping: 0.188600 ms MarkObjects: 2.785000 ms  DeleteObjects: 0.142500 ms)

========================================================================
Received Import Request.
  Time since last request: 18.032115 seconds.
  path: Assets/Art/Characters/Animations/jump forward.fbx
  artifactKey: Guid(2fb0ee292572a1a44abe9b70be5f2dbd) Importer(815301076,1909f56bfc062723c751e8b465ee728b)
Start importing Assets/Art/Characters/Animations/jump forward.fbx using Guid(2fb0ee292572a1a44abe9b70be5f2dbd) Importer(815301076,1909f56bfc062723c751e8b465ee728b)  -> (artifact id: 'a644747c8ef3478b72231e1e4bfe6c9b') in 0.040279 seconds
  Import took 0.044980 seconds .

========================================================================
Received Import Request.
  Time since last request: 2.895055 seconds.
  path: Assets/Art/Characters/Animations/jump forward.fbx
  artifactKey: Guid(2fb0ee292572a1a44abe9b70be5f2dbd) Importer(815301076,1909f56bfc062723c751e8b465ee728b)
Start importing Assets/Art/Characters/Animations/jump forward.fbx using Guid(2fb0ee292572a1a44abe9b70be5f2dbd) Importer(815301076,1909f56bfc062723c751e8b465ee728b)  -> (artifact id: 'a644747c8ef3478b72231e1e4bfe6c9b') in 0.008962 seconds
  Import took 0.013205 seconds .

========================================================================
Received Prepare
Registering precompiled user dll's ...
Registered in 0.000753 seconds.
Begin MonoManager ReloadAssembly
Native extension for WindowsStandalone target not found
Native extension for WebGL target not found
Refreshing native plugins compatible for Editor in 0.45 ms, found 0 plugins.
Preloading 0 native plugins for Editor in 0.00 ms.
Mono: successfully reloaded assembly
- Completed reload, in  1.856 seconds
Platform modules already initialized, skipping
Refreshing native plugins compatible for Editor in 0.92 ms, found 0 plugins.
Preloading 0 native plugins for Editor in 0.00 ms.
Unloading 1891 Unused Serialized files (Serialized files now loaded: 0)
System memory in use before: 89.7 MB.
System memory in use after: 89.7 MB.

Unloading 6 unused Assets to reduce memory usage. Loaded Objects now: 2403.
Total: 3.745500 ms (FindLiveObjects: 0.294000 ms CreateObjectMapping: 0.119500 ms MarkObjects: 3.228100 ms  DeleteObjects: 0.101700 ms)

========================================================================
Received Import Request.
  Time since last request: 1298.133441 seconds.
  path: Assets/Art/Weapon
  artifactKey: Guid(cafe0114e5412be4a9ddca5d0f4b9c5c) Importer(815301076,1909f56bfc062723c751e8b465ee728b)
Start importing Assets/Art/Weapon using Guid(cafe0114e5412be4a9ddca5d0f4b9c5c) Importer(815301076,1909f56bfc062723c751e8b465ee728b)  -> (artifact id: '3e7969258a47dfcdfa235e820b884e01') in 0.019241 seconds
  Import took 0.026541 seconds .

========================================================================
Received Import Request.
  Time since last request: 4.905231 seconds.
  path: Assets/Art/Weapon/AK47
  artifactKey: Guid(c794c004469760f43a81de0424a558e1) Importer(815301076,1909f56bfc062723c751e8b465ee728b)
Start importing Assets/Art/Weapon/AK47 using Guid(c794c004469760f43a81de0424a558e1) Importer(815301076,1909f56bfc062723c751e8b465ee728b)  -> (artifact id: '33c40750529d736adfdfa70687104097') in 0.012056 seconds
  Import took 0.016071 seconds .

========================================================================
Received Import Request.
  Time since last request: 1.484265 seconds.
  path: Assets/Art/Weapon/Materials
  artifactKey: Guid(c5fed8dae8e467a4cb1e6fa45d1c6f2b) Importer(815301076,1909f56bfc062723c751e8b465ee728b)
Start importing Assets/Art/Weapon/Materials using Guid(c5fed8dae8e467a4cb1e6fa45d1c6f2b) Importer(815301076,1909f56bfc062723c751e8b465ee728b)  -> (artifact id: 'bda1df81a6bf6668c79a6c8c8bc5054e') in 0.095895 seconds
  Import took 0.100130 seconds .

========================================================================
Received Import Request.
  Time since last request: 11.265923 seconds.
  path: Assets/Art/Weapon/AK47/Textures
  artifactKey: Guid(e72519aaf63a024428b6a556f2f77530) Importer(815301076,1909f56bfc062723c751e8b465ee728b)
Start importing Assets/Art/Weapon/AK47/Textures using Guid(e72519aaf63a024428b6a556f2f77530) Importer(815301076,1909f56bfc062723c751e8b465ee728b)  -> (artifact id: '34d22626d3328ed733ed6fe68c17c8f7') in 0.011491 seconds
  Import took 0.017530 seconds .

========================================================================
Received Import Request.
  Time since last request: 0.000880 seconds.
  path: Assets/Art/Weapon/AK47/Textures
  artifactKey: Guid(e72519aaf63a024428b6a556f2f77530) Importer(815301076,1909f56bfc062723c751e8b465ee728b)
Start importing Assets/Art/Weapon/AK47/Textures using Guid(e72519aaf63a024428b6a556f2f77530) Importer(815301076,1909f56bfc062723c751e8b465ee728b)  -> (artifact id: '34d22626d3328ed733ed6fe68c17c8f7') in 0.004332 seconds
  Import took 0.010587 seconds .

========================================================================
Received Import Request.
  Time since last request: 0.331172 seconds.
  path: Assets/Art/Weapon/AK47/Prefabs
  artifactKey: Guid(041b228f8cf7bf442826086b3bafe972) Importer(815301076,1909f56bfc062723c751e8b465ee728b)
Start importing Assets/Art/Weapon/AK47/Prefabs using Guid(041b228f8cf7bf442826086b3bafe972) Importer(815301076,1909f56bfc062723c751e8b465ee728b)  -> (artifact id: '6d30b835c095ac6c713e001bad8b8370') in 0.009500 seconds
  Import took 0.013992 seconds .

========================================================================
Received Import Request.
  Time since last request: 0.001923 seconds.
  path: Assets/Art/Weapon/AK47/Prefabs
  artifactKey: Guid(041b228f8cf7bf442826086b3bafe972) Importer(815301076,1909f56bfc062723c751e8b465ee728b)
Start importing Assets/Art/Weapon/AK47/Prefabs using Guid(041b228f8cf7bf442826086b3bafe972) Importer(815301076,1909f56bfc062723c751e8b465ee728b)  -> (artifact id: '6d30b835c095ac6c713e001bad8b8370') in 0.002830 seconds
  Import took 0.008200 seconds .

========================================================================
Received Import Request.
  Time since last request: 0.624480 seconds.
  path: Assets/Art/Weapon/AK47/Prefabs/Weapons
  artifactKey: Guid(07a64656408ddc64eb14a8032e9fcd10) Importer(815301076,1909f56bfc062723c751e8b465ee728b)
Start importing Assets/Art/Weapon/AK47/Prefabs/Weapons using Guid(07a64656408ddc64eb14a8032e9fcd10) Importer(815301076,1909f56bfc062723c751e8b465ee728b)  -> (artifact id: '4d076acdc30c0c50dbd200fbc667fd24') in 0.010587 seconds
  Import took 0.014892 seconds .

========================================================================
Received Import Request.
  Time since last request: 0.518089 seconds.
  path: Assets/Art/Weapon/AK47/Prefabs/Weapons/Guns
  artifactKey: Guid(4a36aa3b5392a624fb9d3d58bf2a3a0b) Importer(815301076,1909f56bfc062723c751e8b465ee728b)
Start importing Assets/Art/Weapon/AK47/Prefabs/Weapons/Guns using Guid(4a36aa3b5392a624fb9d3d58bf2a3a0b) Importer(815301076,1909f56bfc062723c751e8b465ee728b)  -> (artifact id: '695df5b4a4e3a2f71fd781c168ee90ec') in 0.009236 seconds
  Import took 0.014136 seconds .

========================================================================
Received Import Request.
  Time since last request: 0.644049 seconds.
  path: Assets/Art/Weapon/AK47/Prefabs/Weapons/Guns/SM_Wep_AssaultRifle_01.prefab
  artifactKey: Guid(ad49a19d2c4adc94b838606a5d459f85) Importer(815301076,1909f56bfc062723c751e8b465ee728b)
Start importing Assets/Art/Weapon/AK47/Prefabs/Weapons/Guns/SM_Wep_AssaultRifle_01.prefab using Guid(ad49a19d2c4adc94b838606a5d459f85) Importer(815301076,1909f56bfc062723c751e8b465ee728b)  -> (artifact id: '2e1ae9f667eafcf9767b697b198a0d1e') in 0.241889 seconds
  Import took 0.255471 seconds .

========================================================================
Received Import Request.
  Time since last request: 0.160888 seconds.
  path: Assets/Art/Weapon/AK47/Prefabs/Weapons/Guns/SM_Wep_AssaultRifle_01.prefab
  artifactKey: Guid(ad49a19d2c4adc94b838606a5d459f85) Importer(815301076,1909f56bfc062723c751e8b465ee728b)
Start importing Assets/Art/Weapon/AK47/Prefabs/Weapons/Guns/SM_Wep_AssaultRifle_01.prefab using Guid(ad49a19d2c4adc94b838606a5d459f85) Importer(815301076,1909f56bfc062723c751e8b465ee728b)  -> (artifact id: '2e1ae9f667eafcf9767b697b198a0d1e') in 0.085059 seconds
  Import took 0.095919 seconds .

========================================================================
Received Prepare
Registering precompiled user dll's ...
Registered in 0.001081 seconds.
Begin MonoManager ReloadAssembly
Native extension for WindowsStandalone target not found
Native extension for WebGL target not found
Refreshing native plugins compatible for Editor in 1.15 ms, found 0 plugins.
Preloading 0 native plugins for Editor in 0.00 ms.
Mono: successfully reloaded assembly
- Completed reload, in  2.068 seconds
Platform modules already initialized, skipping
Refreshing native plugins compatible for Editor in 0.70 ms, found 0 plugins.
Preloading 0 native plugins for Editor in 0.00 ms.
Unloading 1891 Unused Serialized files (Serialized files now loaded: 0)
System memory in use before: 89.7 MB.
System memory in use after: 89.8 MB.

Unloading 6 unused Assets to reduce memory usage. Loaded Objects now: 2410.
Total: 4.543500 ms (FindLiveObjects: 0.427700 ms CreateObjectMapping: 0.183200 ms MarkObjects: 3.791300 ms  DeleteObjects: 0.139100 ms)

========================================================================
Received Prepare
Registering precompiled user dll's ...
Registered in 0.001189 seconds.
Begin MonoManager ReloadAssembly
Native extension for WindowsStandalone target not found
Native extension for WebGL target not found
Refreshing native plugins compatible for Editor in 0.33 ms, found 0 plugins.
Preloading 0 native plugins for Editor in 0.00 ms.
Mono: successfully reloaded assembly
- Completed reload, in  1.171 seconds
Platform modules already initialized, skipping
Refreshing native plugins compatible for Editor in 0.39 ms, found 0 plugins.
Preloading 0 native plugins for Editor in 0.00 ms.
Unloading 1891 Unused Serialized files (Serialized files now loaded: 0)
System memory in use before: 89.7 MB.
System memory in use after: 89.8 MB.

Unloading 6 unused Assets to reduce memory usage. Loaded Objects now: 2413.
Total: 2.999700 ms (FindLiveObjects: 0.410000 ms CreateObjectMapping: 0.141700 ms MarkObjects: 2.294500 ms  DeleteObjects: 0.151200 ms)

========================================================================
Received Import Request.
  Time since last request: 1083.081698 seconds.
  path: Assets/Scripts/New Folder
  artifactKey: Guid(db3d5aa46a87dc0419b0fa57e9f2e109) Importer(815301076,1909f56bfc062723c751e8b465ee728b)
Start importing Assets/Scripts/New Folder using Guid(db3d5aa46a87dc0419b0fa57e9f2e109) Importer(815301076,1909f56bfc062723c751e8b465ee728b)  -> (artifact id: '1acb9e07deee4cf629aafaeca915ed10') in 0.040251 seconds
  Import took 0.046291 seconds .

========================================================================
Received Import Request.
  Time since last request: 8.903484 seconds.
  path: Assets/Scripts/WeaponHolder.cs
  artifactKey: Guid(8dcf679bc0624cf42a747be3929f1424) Importer(815301076,1909f56bfc062723c751e8b465ee728b)
Start importing Assets/Scripts/WeaponHolder.cs using Guid(8dcf679bc0624cf42a747be3929f1424) Importer(815301076,1909f56bfc062723c751e8b465ee728b)  -> (artifact id: '143735813c74a3396f32bafa30e733b3') in 0.017537 seconds
  Import took 0.025209 seconds .

========================================================================
Received Prepare
Registering precompiled user dll's ...
Registered in 0.070790 seconds.
Begin MonoManager ReloadAssembly
Native extension for WindowsStandalone target not found
Native extension for WebGL target not found
Refreshing native plugins compatible for Editor in 0.71 ms, found 0 plugins.
Preloading 0 native plugins for Editor in 0.00 ms.
Mono: successfully reloaded assembly
- Completed reload, in  3.322 seconds
Platform modules already initialized, skipping
Refreshing native plugins compatible for Editor in 12.90 ms, found 0 plugins.
Preloading 0 native plugins for Editor in 0.00 ms.
Unloading 1892 Unused Serialized files (Serialized files now loaded: 0)
System memory in use before: 89.8 MB.
System memory in use after: 89.8 MB.

Unloading 6 unused Assets to reduce memory usage. Loaded Objects now: 2417.
Total: 10.497600 ms (FindLiveObjects: 0.501100 ms CreateObjectMapping: 0.166000 ms MarkObjects: 9.705800 ms  DeleteObjects: 0.122500 ms)

========================================================================
Received Prepare
Registering precompiled user dll's ...
Registered in 0.000875 seconds.
Begin MonoManager ReloadAssembly
Native extension for WindowsStandalone target not found
Native extension for WebGL target not found
Refreshing native plugins compatible for Editor in 0.50 ms, found 0 plugins.
Preloading 0 native plugins for Editor in 0.00 ms.
Mono: successfully reloaded assembly
- Completed reload, in  1.924 seconds
Platform modules already initialized, skipping
Refreshing native plugins compatible for Editor in 0.47 ms, found 0 plugins.
Preloading 0 native plugins for Editor in 0.00 ms.
Unloading 1892 Unused Serialized files (Serialized files now loaded: 0)
System memory in use before: 89.8 MB.
System memory in use after: 89.9 MB.

Unloading 6 unused Assets to reduce memory usage. Loaded Objects now: 2420.
Total: 4.647000 ms (FindLiveObjects: 0.378100 ms CreateObjectMapping: 0.121900 ms MarkObjects: 4.014000 ms  DeleteObjects: 0.130700 ms)

========================================================================
Received Import Request.
  Time since last request: 2793.689496 seconds.
  path: Assets/Scripts/WeaponHolder.cs
  artifactKey: Guid(8dcf679bc0624cf42a747be3929f1424) Importer(815301076,1909f56bfc062723c751e8b465ee728b)
Start importing Assets/Scripts/WeaponHolder.cs using Guid(8dcf679bc0624cf42a747be3929f1424) Importer(815301076,1909f56bfc062723c751e8b465ee728b)  -> (artifact id: '9c344139be345f295014bf3033552387') in 0.007004 seconds
  Import took 0.027295 seconds .

========================================================================
Received Prepare
Registering precompiled user dll's ...
Registered in 0.000777 seconds.
Begin MonoManager ReloadAssembly
Native extension for WindowsStandalone target not found
Native extension for WebGL target not found
Refreshing native plugins compatible for Editor in 0.44 ms, found 0 plugins.
Preloading 0 native plugins for Editor in 0.00 ms.
Mono: successfully reloaded assembly
- Completed reload, in  1.326 seconds
Platform modules already initialized, skipping
Refreshing native plugins compatible for Editor in 0.42 ms, found 0 plugins.
Preloading 0 native plugins for Editor in 0.00 ms.
Unloading 1892 Unused Serialized files (Serialized files now loaded: 0)
System memory in use before: 89.8 MB.
System memory in use after: 89.9 MB.

Unloading 6 unused Assets to reduce memory usage. Loaded Objects now: 2423.
Total: 2.870300 ms (FindLiveObjects: 0.282700 ms CreateObjectMapping: 0.093200 ms MarkObjects: 2.283400 ms  DeleteObjects: 0.209900 ms)

========================================================================
Received Prepare
Registering precompiled user dll's ...
Registered in 0.000923 seconds.
Begin MonoManager ReloadAssembly
Native extension for WindowsStandalone target not found
Native extension for WebGL target not found
Refreshing native plugins compatible for Editor in 0.35 ms, found 0 plugins.
Preloading 0 native plugins for Editor in 0.00 ms.
Mono: successfully reloaded assembly
- Completed reload, in  1.231 seconds
Platform modules already initialized, skipping
Refreshing native plugins compatible for Editor in 0.64 ms, found 0 plugins.
Preloading 0 native plugins for Editor in 0.00 ms.
Unloading 1892 Unused Serialized files (Serialized files now loaded: 0)
System memory in use before: 89.8 MB.
System memory in use after: 89.9 MB.

Unloading 6 unused Assets to reduce memory usage. Loaded Objects now: 2426.
Total: 8.275900 ms (FindLiveObjects: 1.084400 ms CreateObjectMapping: 0.320300 ms MarkObjects: 6.705300 ms  DeleteObjects: 0.163400 ms)

========================================================================
Received Prepare
Registering precompiled user dll's ...
Registered in 0.000736 seconds.
Begin MonoManager ReloadAssembly
Native extension for WindowsStandalone target not found
Native extension for WebGL target not found
Refreshing native plugins compatible for Editor in 0.53 ms, found 0 plugins.
Preloading 0 native plugins for Editor in 0.00 ms.
Mono: successfully reloaded assembly
- Completed reload, in  1.279 seconds
Platform modules already initialized, skipping
Refreshing native plugins compatible for Editor in 0.47 ms, found 0 plugins.
Preloading 0 native plugins for Editor in 0.00 ms.
Unloading 1892 Unused Serialized files (Serialized files now loaded: 0)
System memory in use before: 89.8 MB.
System memory in use after: 89.9 MB.

Unloading 6 unused Assets to reduce memory usage. Loaded Objects now: 2429.
Total: 3.060100 ms (FindLiveObjects: 0.483700 ms CreateObjectMapping: 0.108900 ms MarkObjects: 2.333600 ms  DeleteObjects: 0.132000 ms)

========================================================================
Received Prepare
Registering precompiled user dll's ...
Registered in 0.000977 seconds.
Begin MonoManager ReloadAssembly
Native extension for WindowsStandalone target not found
Native extension for WebGL target not found
Refreshing native plugins compatible for Editor in 0.40 ms, found 0 plugins.
Preloading 0 native plugins for Editor in 0.00 ms.
Mono: successfully reloaded assembly
- Completed reload, in  1.061 seconds
Platform modules already initialized, skipping
Refreshing native plugins compatible for Editor in 0.36 ms, found 0 plugins.
Preloading 0 native plugins for Editor in 0.00 ms.
Unloading 1892 Unused Serialized files (Serialized files now loaded: 0)
System memory in use before: 89.8 MB.
System memory in use after: 89.9 MB.

Unloading 6 unused Assets to reduce memory usage. Loaded Objects now: 2432.
Total: 3.407800 ms (FindLiveObjects: 0.412100 ms CreateObjectMapping: 0.151900 ms MarkObjects: 2.752700 ms  DeleteObjects: 0.089400 ms)

========================================================================
Received Prepare
Registering precompiled user dll's ...
Registered in 0.001541 seconds.
Begin MonoManager ReloadAssembly
Native extension for WindowsStandalone target not found
Native extension for WebGL target not found
Refreshing native plugins compatible for Editor in 0.44 ms, found 0 plugins.
Preloading 0 native plugins for Editor in 0.00 ms.
Mono: successfully reloaded assembly
- Completed reload, in  1.138 seconds
Platform modules already initialized, skipping
Refreshing native plugins compatible for Editor in 0.54 ms, found 0 plugins.
Preloading 0 native plugins for Editor in 0.00 ms.
Unloading 1892 Unused Serialized files (Serialized files now loaded: 0)
System memory in use before: 89.8 MB.
System memory in use after: 89.9 MB.

Unloading 6 unused Assets to reduce memory usage. Loaded Objects now: 2435.
Total: 3.085800 ms (FindLiveObjects: 0.375900 ms CreateObjectMapping: 0.146800 ms MarkObjects: 2.448300 ms  DeleteObjects: 0.112900 ms)

========================================================================
Received Prepare
Registering precompiled user dll's ...
Registered in 0.000946 seconds.
Begin MonoManager ReloadAssembly
Native extension for WindowsStandalone target not found
Native extension for WebGL target not found
Refreshing native plugins compatible for Editor in 0.35 ms, found 0 plugins.
Preloading 0 native plugins for Editor in 0.00 ms.
Mono: successfully reloaded assembly
- Completed reload, in  1.511 seconds
Platform modules already initialized, skipping
Refreshing native plugins compatible for Editor in 0.40 ms, found 0 plugins.
Preloading 0 native plugins for Editor in 0.00 ms.
Unloading 1892 Unused Serialized files (Serialized files now loaded: 0)
System memory in use before: 89.8 MB.
System memory in use after: 89.9 MB.

Unloading 6 unused Assets to reduce memory usage. Loaded Objects now: 2438.
Total: 5.172800 ms (FindLiveObjects: 0.493400 ms CreateObjectMapping: 0.088100 ms MarkObjects: 4.191000 ms  DeleteObjects: 0.398700 ms)

========================================================================
Received Prepare
Registering precompiled user dll's ...
Registered in 0.000970 seconds.
Begin MonoManager ReloadAssembly
Native extension for WindowsStandalone target not found
Native extension for WebGL target not found
Refreshing native plugins compatible for Editor in 0.56 ms, found 0 plugins.
Preloading 0 native plugins for Editor in 0.00 ms.
Mono: successfully reloaded assembly
- Completed reload, in  1.260 seconds
Platform modules already initialized, skipping
Refreshing native plugins compatible for Editor in 0.69 ms, found 0 plugins.
Preloading 0 native plugins for Editor in 0.00 ms.
Unloading 1892 Unused Serialized files (Serialized files now loaded: 0)
System memory in use before: 89.8 MB.
System memory in use after: 89.9 MB.

Unloading 6 unused Assets to reduce memory usage. Loaded Objects now: 2441.
Total: 4.706500 ms (FindLiveObjects: 0.517900 ms CreateObjectMapping: 0.130000 ms MarkObjects: 3.921100 ms  DeleteObjects: 0.135900 ms)

========================================================================
Received Prepare
Registering precompiled user dll's ...
Registered in 0.001701 seconds.
Begin MonoManager ReloadAssembly
Native extension for WindowsStandalone target not found
Native extension for WebGL target not found
Refreshing native plugins compatible for Editor in 0.50 ms, found 0 plugins.
Preloading 0 native plugins for Editor in 0.00 ms.
Mono: successfully reloaded assembly
- Completed reload, in  1.342 seconds
Platform modules already initialized, skipping
Refreshing native plugins compatible for Editor in 0.54 ms, found 0 plugins.
Preloading 0 native plugins for Editor in 0.00 ms.
Unloading 1892 Unused Serialized files (Serialized files now loaded: 0)
System memory in use before: 89.8 MB.
System memory in use after: 89.9 MB.

Unloading 6 unused Assets to reduce memory usage. Loaded Objects now: 2444.
Total: 3.667300 ms (FindLiveObjects: 0.306300 ms CreateObjectMapping: 0.149800 ms MarkObjects: 3.066800 ms  DeleteObjects: 0.142000 ms)

========================================================================
Received Prepare
Registering precompiled user dll's ...
Registered in 0.000839 seconds.
Begin MonoManager ReloadAssembly
Native extension for WindowsStandalone target not found
Native extension for WebGL target not found
Refreshing native plugins compatible for Editor in 0.36 ms, found 0 plugins.
Preloading 0 native plugins for Editor in 0.00 ms.
Mono: successfully reloaded assembly
- Completed reload, in  1.212 seconds
Platform modules already initialized, skipping
Refreshing native plugins compatible for Editor in 0.40 ms, found 0 plugins.
Preloading 0 native plugins for Editor in 0.00 ms.
Unloading 1892 Unused Serialized files (Serialized files now loaded: 0)
System memory in use before: 89.9 MB.
System memory in use after: 89.9 MB.

Unloading 6 unused Assets to reduce memory usage. Loaded Objects now: 2447.
Total: 3.147500 ms (FindLiveObjects: 0.377800 ms CreateObjectMapping: 0.090000 ms MarkObjects: 2.522700 ms  DeleteObjects: 0.155600 ms)

========================================================================
Received Prepare
Registering precompiled user dll's ...
Registered in 0.001401 seconds.
Begin MonoManager ReloadAssembly
Native extension for WindowsStandalone target not found
Native extension for WebGL target not found
Refreshing native plugins compatible for Editor in 0.60 ms, found 0 plugins.
Preloading 0 native plugins for Editor in 0.00 ms.
Mono: successfully reloaded assembly
- Completed reload, in  1.241 seconds
Platform modules already initialized, skipping
Refreshing native plugins compatible for Editor in 0.50 ms, found 0 plugins.
Preloading 0 native plugins for Editor in 0.00 ms.
Unloading 1892 Unused Serialized files (Serialized files now loaded: 0)
System memory in use before: 89.9 MB.
System memory in use after: 89.9 MB.

Unloading 6 unused Assets to reduce memory usage. Loaded Objects now: 2450.
Total: 4.379300 ms (FindLiveObjects: 0.429200 ms CreateObjectMapping: 0.198700 ms MarkObjects: 3.633100 ms  DeleteObjects: 0.116400 ms)

========================================================================
Received Prepare
Registering precompiled user dll's ...
Registered in 0.001190 seconds.
Begin MonoManager ReloadAssembly
Native extension for WindowsStandalone target not found
Native extension for WebGL target not found
Refreshing native plugins compatible for Editor in 0.53 ms, found 0 plugins.
Preloading 0 native plugins for Editor in 0.00 ms.
Mono: successfully reloaded assembly
- Completed reload, in  1.150 seconds
Platform modules already initialized, skipping
Refreshing native plugins compatible for Editor in 0.37 ms, found 0 plugins.
Preloading 0 native plugins for Editor in 0.00 ms.
Unloading 1892 Unused Serialized files (Serialized files now loaded: 0)
System memory in use before: 89.9 MB.
System memory in use after: 90.0 MB.

Unloading 6 unused Assets to reduce memory usage. Loaded Objects now: 2453.
Total: 3.460400 ms (FindLiveObjects: 0.579000 ms CreateObjectMapping: 0.101600 ms MarkObjects: 2.635000 ms  DeleteObjects: 0.143300 ms)

========================================================================
Received Prepare
Registering precompiled user dll's ...
Registered in 0.000754 seconds.
Begin MonoManager ReloadAssembly
Native extension for WindowsStandalone target not found
Native extension for WebGL target not found
Refreshing native plugins compatible for Editor in 0.69 ms, found 0 plugins.
Preloading 0 native plugins for Editor in 0.00 ms.
Mono: successfully reloaded assembly
- Completed reload, in  1.268 seconds
Platform modules already initialized, skipping
Refreshing native plugins compatible for Editor in 0.40 ms, found 0 plugins.
Preloading 0 native plugins for Editor in 0.00 ms.
Unloading 1892 Unused Serialized files (Serialized files now loaded: 0)
System memory in use before: 89.9 MB.
System memory in use after: 90.0 MB.

Unloading 6 unused Assets to reduce memory usage. Loaded Objects now: 2456.
Total: 3.138700 ms (FindLiveObjects: 0.510100 ms CreateObjectMapping: 0.112100 ms MarkObjects: 2.342600 ms  DeleteObjects: 0.173000 ms)

========================================================================
Received Prepare
Registering precompiled user dll's ...
Registered in 0.000838 seconds.
Begin MonoManager ReloadAssembly
Native extension for WindowsStandalone target not found
Native extension for WebGL target not found
Refreshing native plugins compatible for Editor in 0.63 ms, found 0 plugins.
Preloading 0 native plugins for Editor in 0.00 ms.
Mono: successfully reloaded assembly
- Completed reload, in  1.324 seconds
Platform modules already initialized, skipping
Refreshing native plugins compatible for Editor in 0.41 ms, found 0 plugins.
Preloading 0 native plugins for Editor in 0.00 ms.
Unloading 1892 Unused Serialized files (Serialized files now loaded: 0)
System memory in use before: 89.9 MB.
System memory in use after: 90.0 MB.

Unloading 6 unused Assets to reduce memory usage. Loaded Objects now: 2459.
Total: 4.055300 ms (FindLiveObjects: 0.485400 ms CreateObjectMapping: 0.182100 ms MarkObjects: 3.202400 ms  DeleteObjects: 0.181800 ms)

========================================================================
Received Prepare
Registering precompiled user dll's ...
Registered in 0.000858 seconds.
Begin MonoManager ReloadAssembly
Native extension for WindowsStandalone target not found
Native extension for WebGL target not found
Refreshing native plugins compatible for Editor in 0.35 ms, found 0 plugins.
Preloading 0 native plugins for Editor in 0.00 ms.
Mono: successfully reloaded assembly
- Completed reload, in  1.103 seconds
Platform modules already initialized, skipping
Refreshing native plugins compatible for Editor in 0.35 ms, found 0 plugins.
Preloading 0 native plugins for Editor in 0.00 ms.
Unloading 1892 Unused Serialized files (Serialized files now loaded: 0)
System memory in use before: 89.9 MB.
System memory in use after: 90.0 MB.

Unloading 6 unused Assets to reduce memory usage. Loaded Objects now: 2462.
Total: 2.740100 ms (FindLiveObjects: 0.233100 ms CreateObjectMapping: 0.084400 ms MarkObjects: 2.330400 ms  DeleteObjects: 0.090500 ms)

========================================================================
Received Prepare
Registering precompiled user dll's ...
Registered in 0.001372 seconds.
Begin MonoManager ReloadAssembly
Native extension for WindowsStandalone target not found
Native extension for WebGL target not found
Refreshing native plugins compatible for Editor in 0.58 ms, found 0 plugins.
Preloading 0 native plugins for Editor in 0.00 ms.
Mono: successfully reloaded assembly
- Completed reload, in  1.249 seconds
Platform modules already initialized, skipping
Refreshing native plugins compatible for Editor in 0.57 ms, found 0 plugins.
Preloading 0 native plugins for Editor in 0.00 ms.
Unloading 1892 Unused Serialized files (Serialized files now loaded: 0)
System memory in use before: 89.9 MB.
System memory in use after: 90.0 MB.

Unloading 6 unused Assets to reduce memory usage. Loaded Objects now: 2465.
Total: 2.612100 ms (FindLiveObjects: 0.236400 ms CreateObjectMapping: 0.080400 ms MarkObjects: 2.143400 ms  DeleteObjects: 0.150600 ms)

========================================================================
Received Import Request.
  Time since last request: 7469.350314 seconds.
  path: Assets/Art/New Avatar Mask.mask
  artifactKey: Guid(2d6308e00b34bdd46814471d53a5d78e) Importer(815301076,1909f56bfc062723c751e8b465ee728b)
Start importing Assets/Art/New Avatar Mask.mask using Guid(2d6308e00b34bdd46814471d53a5d78e) Importer(815301076,1909f56bfc062723c751e8b465ee728b)  -> (artifact id: '6f3934f54a7704a40d50da9e5a065415') in 0.031398 seconds
  Import took 0.036632 seconds .

========================================================================
Received Import Request.
  Time since last request: 7.911043 seconds.
  path: Assets/Art/DouglasAvatarMask.mask
  artifactKey: Guid(2d6308e00b34bdd46814471d53a5d78e) Importer(815301076,1909f56bfc062723c751e8b465ee728b)
Start importing Assets/Art/DouglasAvatarMask.mask using Guid(2d6308e00b34bdd46814471d53a5d78e) Importer(815301076,1909f56bfc062723c751e8b465ee728b)  -> (artifact id: 'caec575325f2a2bd4ddbc251d6e18c1a') in 0.009967 seconds
  Import took 0.013989 seconds .

========================================================================
Received Import Request.
  Time since last request: 19.897215 seconds.
  path: Assets/Art/Characters/PlayerAnimController.controller
  artifactKey: Guid(b510c425db476c14199496a3f25e1b14) Importer(815301076,1909f56bfc062723c751e8b465ee728b)
Start importing Assets/Art/Characters/PlayerAnimController.controller using Guid(b510c425db476c14199496a3f25e1b14) Importer(815301076,1909f56bfc062723c751e8b465ee728b)  -> (artifact id: '184d9d59e4d6370c9366f1b7fe0b3343') in 0.030732 seconds
  Import took 0.035626 seconds .

========================================================================
Received Import Request.
  Time since last request: 19.473319 seconds.
  path: Assets/Art/Characters/DouglasAvatarMask.mask
  artifactKey: Guid(2d6308e00b34bdd46814471d53a5d78e) Importer(815301076,1909f56bfc062723c751e8b465ee728b)
Start importing Assets/Art/Characters/DouglasAvatarMask.mask using Guid(2d6308e00b34bdd46814471d53a5d78e) Importer(815301076,1909f56bfc062723c751e8b465ee728b)  -> (artifact id: '5000a260407c51eaf9bd768c194f8d7b') in 0.003735 seconds
  Import took 0.009503 seconds .

========================================================================
Received Import Request.
  Time since last request: 138.938402 seconds.
  path: Assets/Art/Characters/DouglasAvatarMask.mask
  artifactKey: Guid(2d6308e00b34bdd46814471d53a5d78e) Importer(815301076,1909f56bfc062723c751e8b465ee728b)
Start importing Assets/Art/Characters/DouglasAvatarMask.mask using Guid(2d6308e00b34bdd46814471d53a5d78e) Importer(815301076,1909f56bfc062723c751e8b465ee728b)  -> (artifact id: '1170f0fc6be637cdc85202f11d199ca9') in 0.003880 seconds
  Import took 0.008629 seconds .

========================================================================
Received Import Request.
  Time since last request: 140.133871 seconds.
  path: Assets/Art/Characters/PlayerAnimController.controller
  artifactKey: Guid(b510c425db476c14199496a3f25e1b14) Importer(815301076,1909f56bfc062723c751e8b465ee728b)
Start importing Assets/Art/Characters/PlayerAnimController.controller using Guid(b510c425db476c14199496a3f25e1b14) Importer(815301076,1909f56bfc062723c751e8b465ee728b)  -> (artifact id: 'c754420a47783fba1cced1c79a7bbbd7') in 0.016321 seconds
  Import took 0.022507 seconds .

========================================================================
Received Import Request.
  Time since last request: 122.568868 seconds.
  path: Assets/Art/Characters/New Avatar Mask.mask
  artifactKey: Guid(8a590dd2cedc3fe4d93b419fe7f0557f) Importer(815301076,1909f56bfc062723c751e8b465ee728b)
Start importing Assets/Art/Characters/New Avatar Mask.mask using Guid(8a590dd2cedc3fe4d93b419fe7f0557f) Importer(815301076,1909f56bfc062723c751e8b465ee728b)  -> (artifact id: '3bfbd3c47ebe398d82844a106db7e036') in 0.003517 seconds
  Import took 0.009230 seconds .

========================================================================
Received Import Request.
  Time since last request: 15.143456 seconds.
  path: Assets/Art/Characters/DouglasUpperBodyMask.mask
  artifactKey: Guid(8a590dd2cedc3fe4d93b419fe7f0557f) Importer(815301076,1909f56bfc062723c751e8b465ee728b)
Start importing Assets/Art/Characters/DouglasUpperBodyMask.mask using Guid(8a590dd2cedc3fe4d93b419fe7f0557f) Importer(815301076,1909f56bfc062723c751e8b465ee728b)  -> (artifact id: '4db302af713ad2459609987d7b32b11b') in 0.011405 seconds
  Import took 0.017007 seconds .

========================================================================
Received Import Request.
  Time since last request: 44.920930 seconds.
  path: Assets/Art/Characters/DouglasAvatarMask.mask
  artifactKey: Guid(2d6308e00b34bdd46814471d53a5d78e) Importer(815301076,1909f56bfc062723c751e8b465ee728b)
Start importing Assets/Art/Characters/DouglasAvatarMask.mask using Guid(2d6308e00b34bdd46814471d53a5d78e) Importer(815301076,1909f56bfc062723c751e8b465ee728b)  -> (artifact id: '976719aba96b262e4b7ab623055097ff') in 0.003503 seconds
  Import took 0.010422 seconds .

========================================================================
Received Import Request.
  Time since last request: 44.773383 seconds.
  path: Assets/Art/Characters/PlayerAnimController.controller
  artifactKey: Guid(b510c425db476c14199496a3f25e1b14) Importer(815301076,1909f56bfc062723c751e8b465ee728b)
Start importing Assets/Art/Characters/PlayerAnimController.controller using Guid(b510c425db476c14199496a3f25e1b14) Importer(815301076,1909f56bfc062723c751e8b465ee728b)  -> (artifact id: 'e024f0f68e008d6085ff79c239c5860d') in 0.017879 seconds
  Import took 0.024060 seconds .

========================================================================
Received Import Request.
  Time since last request: 22.687921 seconds.
  path: Assets/Art/Characters/DouglasLegsMask.mask
  artifactKey: Guid(afd234ee927f3d34f9ee8a516c3cad76) Importer(815301076,1909f56bfc062723c751e8b465ee728b)
Start importing Assets/Art/Characters/DouglasLegsMask.mask using Guid(afd234ee927f3d34f9ee8a516c3cad76) Importer(815301076,1909f56bfc062723c751e8b465ee728b)  -> (artifact id: '5e555f83c8d334e3b2b8099d92368afe') in 0.009003 seconds
  Import took 0.013829 seconds .

========================================================================
Received Import Request.
  Time since last request: 22.969060 seconds.
  path: Assets/Art/Characters/DouglasLegsMask.mask
  artifactKey: Guid(afd234ee927f3d34f9ee8a516c3cad76) Importer(815301076,1909f56bfc062723c751e8b465ee728b)
Start importing Assets/Art/Characters/DouglasLegsMask.mask using Guid(afd234ee927f3d34f9ee8a516c3cad76) Importer(815301076,1909f56bfc062723c751e8b465ee728b)  -> (artifact id: '888b8635a4cfa7fa5cc9f4f6f736b876') in 0.003295 seconds
  Import took 0.008522 seconds .

========================================================================
Received Import Request.
  Time since last request: 157.009975 seconds.
  path: Assets/Art/Characters/PlayerAnimController.controller
  artifactKey: Guid(b510c425db476c14199496a3f25e1b14) Importer(815301076,1909f56bfc062723c751e8b465ee728b)
Start importing Assets/Art/Characters/PlayerAnimController.controller using Guid(b510c425db476c14199496a3f25e1b14) Importer(815301076,1909f56bfc062723c751e8b465ee728b)  -> (artifact id: '2ce31c61733a927104a3e810112e6f84') in 0.017906 seconds
  Import took 0.023761 seconds .

========================================================================
Received Import Request.
  Time since last request: 12.910258 seconds.
  path: Assets/Art/Characters/PlayerAnimController.controller
  artifactKey: Guid(b510c425db476c14199496a3f25e1b14) Importer(815301076,1909f56bfc062723c751e8b465ee728b)
Start importing Assets/Art/Characters/PlayerAnimController.controller using Guid(b510c425db476c14199496a3f25e1b14) Importer(815301076,1909f56bfc062723c751e8b465ee728b)  -> (artifact id: '3a27dc6d36da578ec2a41f0dfd751388') in 0.019675 seconds
  Import took 0.027070 seconds .

========================================================================
Received Import Request.
  Time since last request: 53.339014 seconds.
  path: Assets/Art/Characters/PlayerAnimController.controller
  artifactKey: Guid(b510c425db476c14199496a3f25e1b14) Importer(815301076,1909f56bfc062723c751e8b465ee728b)
Start importing Assets/Art/Characters/PlayerAnimController.controller using Guid(b510c425db476c14199496a3f25e1b14) Importer(815301076,1909f56bfc062723c751e8b465ee728b)  -> (artifact id: '8c7e8e86c73932faab1e99b065d0dc22') in 0.018856 seconds
  Import took 0.024220 seconds .

========================================================================
Received Import Request.
  Time since last request: 132.290840 seconds.
  path: Assets/Art/Characters/Animations/firing rifle.fbx
  artifactKey: Guid(f49f1bf9c8e6ec94ca5090e212573e56) Importer(815301076,1909f56bfc062723c751e8b465ee728b)
Start importing Assets/Art/Characters/Animations/firing rifle.fbx using Guid(f49f1bf9c8e6ec94ca5090e212573e56) Importer(815301076,1909f56bfc062723c751e8b465ee728b)  -> (artifact id: '0a2f9904f9feb117fb1ff3fdad4b74a0') in 0.038148 seconds
  Import took 0.044749 seconds .

========================================================================
Received Prepare
Registering precompiled user dll's ...
Registered in 0.001978 seconds.
Begin MonoManager ReloadAssembly
Native extension for WindowsStandalone target not found
Native extension for WebGL target not found
Refreshing native plugins compatible for Editor in 0.48 ms, found 0 plugins.
Preloading 0 native plugins for Editor in 0.00 ms.
Mono: successfully reloaded assembly
- Completed reload, in  1.121 seconds
Platform modules already initialized, skipping
Refreshing native plugins compatible for Editor in 0.40 ms, found 0 plugins.
Preloading 0 native plugins for Editor in 0.00 ms.
Unloading 1892 Unused Serialized files (Serialized files now loaded: 0)
System memory in use before: 89.9 MB.
System memory in use after: 90.0 MB.

Unloading 6 unused Assets to reduce memory usage. Loaded Objects now: 2468.
Total: 2.702600 ms (FindLiveObjects: 0.392700 ms CreateObjectMapping: 0.140800 ms MarkObjects: 2.034100 ms  DeleteObjects: 0.133600 ms)

========================================================================
Received Prepare
Registering precompiled user dll's ...
Registered in 0.000784 seconds.
Begin MonoManager ReloadAssembly
Native extension for WindowsStandalone target not found
Native extension for WebGL target not found
Refreshing native plugins compatible for Editor in 0.50 ms, found 0 plugins.
Preloading 0 native plugins for Editor in 0.00 ms.
Mono: successfully reloaded assembly
- Completed reload, in  1.928 seconds
Platform modules already initialized, skipping
Refreshing native plugins compatible for Editor in 0.39 ms, found 0 plugins.
Preloading 0 native plugins for Editor in 0.00 ms.
Unloading 1892 Unused Serialized files (Serialized files now loaded: 0)
System memory in use before: 89.9 MB.
System memory in use after: 90.0 MB.

Unloading 6 unused Assets to reduce memory usage. Loaded Objects now: 2471.
Total: 2.800200 ms (FindLiveObjects: 0.228600 ms CreateObjectMapping: 0.090500 ms MarkObjects: 2.374600 ms  DeleteObjects: 0.105100 ms)

========================================================================
Received Import Request.
  Time since last request: 261.088952 seconds.
  path: Assets/Art/Characters/Animations/firing rifle.fbx
  artifactKey: Guid(f49f1bf9c8e6ec94ca5090e212573e56) Importer(815301076,1909f56bfc062723c751e8b465ee728b)
Start importing Assets/Art/Characters/Animations/firing rifle.fbx using Guid(f49f1bf9c8e6ec94ca5090e212573e56) Importer(815301076,1909f56bfc062723c751e8b465ee728b)  -> (artifact id: '1995337f98ebf00c35abd337c52bbf96') in 0.053915 seconds
  Import took 0.059760 seconds .

========================================================================
Received Prepare
Registering precompiled user dll's ...
Registered in 0.001592 seconds.
Begin MonoManager ReloadAssembly
Native extension for WindowsStandalone target not found
Native extension for WebGL target not found
Refreshing native plugins compatible for Editor in 0.38 ms, found 0 plugins.
Preloading 0 native plugins for Editor in 0.00 ms.
Mono: successfully reloaded assembly
- Completed reload, in  1.144 seconds
Platform modules already initialized, skipping
Refreshing native plugins compatible for Editor in 0.35 ms, found 0 plugins.
Preloading 0 native plugins for Editor in 0.00 ms.
Unloading 1892 Unused Serialized files (Serialized files now loaded: 0)
System memory in use before: 90.0 MB.
System memory in use after: 90.0 MB.

Unloading 6 unused Assets to reduce memory usage. Loaded Objects now: 2474.
Total: 4.686100 ms (FindLiveObjects: 0.523300 ms CreateObjectMapping: 0.206300 ms MarkObjects: 3.835300 ms  DeleteObjects: 0.119400 ms)

========================================================================
Received Import Request.
  Time since last request: 35.197601 seconds.
  path: Assets/Art/Characters/PlayerAnimController.controller
  artifactKey: Guid(b510c425db476c14199496a3f25e1b14) Importer(815301076,1909f56bfc062723c751e8b465ee728b)
Start importing Assets/Art/Characters/PlayerAnimController.controller using Guid(b510c425db476c14199496a3f25e1b14) Importer(815301076,1909f56bfc062723c751e8b465ee728b)  -> (artifact id: '622af103488aa4cab102902550f7909b') in 0.040761 seconds
  Import took 0.045092 seconds .

AssetImportWorkerClient::OnTransportError - code=2 error=End of file
