Using pre-set license
Built from '2020.3/staging' branch; Version is '2020.3.6f1 (338bb68529b2) revision 3378102'; Using compiler version '192528614'; Build Type 'Release'
OS: 'Windows 10 Home; OS build 19043.1466; Version 2009; 64bit' Language: 'en' Physical Memory: 16273 MB
BatchMode: 1, IsHumanControllingUs: 0, StartBugReporterOnCrash: 0, Is64bit: 1, IsPro: 0

 COMMAND LINE ARGUMENTS:
D:\Program Files\Unity\Unity Installs\2020.3.6f1\Editor\Unity.exe
-adb2
-batchMode
-noUpm
-name
AssetImportWorker2
-projectPath
D:/Github/Endless-Horde-Zombie-Shooter/EndlessZombieHordeShooter
-logFile
Logs/AssetImportWorker2.log
-srvPort
57571
Successfully changed project path to: D:/Github/Endless-Horde-Zombie-Shooter/EndlessZombieHordeShooter
D:/Github/Endless-Horde-Zombie-Shooter/EndlessZombieHordeShooter
Using Asset Import Pipeline V2.
Refreshing native plugins compatible for Editor in 61.25 ms, found 0 plugins.
Preloading 0 native plugins for Editor in 0.00 ms.
Initialize engine version: 2020.3.6f1 (338bb68529b2)
[Subsystems] Discovering subsystems at path D:/Program Files/Unity/Unity Installs/2020.3.6f1/Editor/Data/Resources/UnitySubsystems
[Subsystems] Discovering subsystems at path D:/Github/Endless-Horde-Zombie-Shooter/EndlessZombieHordeShooter/Assets
GfxDevice: creating device client; threaded=0
Direct3D:
    Version:  Direct3D 11.0 [level 11.1]
    Renderer: NVIDIA GeForce GTX 965M (ID=0x1427)
    Vendor:   
    VRAM:     4053 MB
    Driver:   30.0.14.7168
Initialize mono
Mono path[0] = 'D:/Program Files/Unity/Unity Installs/2020.3.6f1/Editor/Data/Managed'
Mono path[1] = 'D:/Program Files/Unity/Unity Installs/2020.3.6f1/Editor/Data/MonoBleedingEdge/lib/mono/unityjit'
Mono config path = 'D:/Program Files/Unity/Unity Installs/2020.3.6f1/Editor/Data/MonoBleedingEdge/etc'
Using monoOptions --debugger-agent=transport=dt_socket,embedding=1,server=y,suspend=n,address=127.0.0.1:56304
Begin MonoManager ReloadAssembly
Registering precompiled unity dll's ...
Register platform support module: D:/Program Files/Unity/Unity Installs/2020.3.6f1/Editor/Data/PlaybackEngines/WebGLSupport/UnityEditor.WebGL.Extensions.dll
Register platform support module: D:/Program Files/Unity/Unity Installs/2020.3.6f1/Editor/Data/PlaybackEngines/WindowsStandaloneSupport/UnityEditor.WindowsStandalone.Extensions.dll
Registered in 0.002647 seconds.
Native extension for WindowsStandalone target not found
Native extension for WebGL target not found
Refreshing native plugins compatible for Editor in 61.52 ms, found 0 plugins.
Preloading 0 native plugins for Editor in 0.00 ms.
Mono: successfully reloaded assembly
- Completed reload, in  2.713 seconds
Platform modules already initialized, skipping
Registering precompiled user dll's ...
Registered in 0.000797 seconds.
Begin MonoManager ReloadAssembly
Native extension for WindowsStandalone target not found
Native extension for WebGL target not found
Refreshing native plugins compatible for Editor in 53.66 ms, found 0 plugins.
Preloading 0 native plugins for Editor in 0.00 ms.
Mono: successfully reloaded assembly
- Completed reload, in  1.398 seconds
Platform modules already initialized, skipping
========================================================================
Worker process is ready to serve import requests
Launched and connected shader compiler UnityShaderCompiler.exe after 0.11 seconds
Refreshing native plugins compatible for Editor in 0.70 ms, found 0 plugins.
Preloading 0 native plugins for Editor in 0.00 ms.
Unloading 1924 Unused Serialized files (Serialized files now loaded: 0)
System memory in use before: 88.7 MB.
System memory in use after: 88.7 MB.

Unloading 13 unused Assets to reduce memory usage. Loaded Objects now: 2371.
Total: 3.695900 ms (FindLiveObjects: 0.558100 ms CreateObjectMapping: 0.326700 ms MarkObjects: 2.655200 ms  DeleteObjects: 0.153800 ms)

========================================================================
Received Import Request.
  path: Assets/Scripts/WeaponScripts/WeaponComponent.cs
  artifactKey: Guid(4f99f666e3380a141955f2c3f1bbd0ac) Importer(815301076,1909f56bfc062723c751e8b465ee728b)
Start importing Assets/Scripts/WeaponScripts/WeaponComponent.cs using Guid(4f99f666e3380a141955f2c3f1bbd0ac) Importer(815301076,1909f56bfc062723c751e8b465ee728b)  -> (artifact id: 'db689cf8b7f72838bfd573c54f9fbc34') in 0.098373 seconds
  Import took 0.122564 seconds .

========================================================================
Received Import Request.
  Time since last request: 0.000521 seconds.
  path: Assets/Scripts/WeaponScripts/AK47Component.cs
  artifactKey: Guid(2b29c0c40576e0c4ca6ed3fc53954c5a) Importer(815301076,1909f56bfc062723c751e8b465ee728b)
Start importing Assets/Scripts/WeaponScripts/AK47Component.cs using Guid(2b29c0c40576e0c4ca6ed3fc53954c5a) Importer(815301076,1909f56bfc062723c751e8b465ee728b)  -> (artifact id: '18648d6e2835e33b101c5daa530ed634') in 0.013604 seconds
  Import took 0.028199 seconds .

========================================================================
Received Import Request.
  Time since last request: 0.000501 seconds.
  path: Assets/Scripts/WeaponScripts
  artifactKey: Guid(3ff7b28ccf9a04b4687a5e174f75d122) Importer(815301076,1909f56bfc062723c751e8b465ee728b)
Start importing Assets/Scripts/WeaponScripts using Guid(3ff7b28ccf9a04b4687a5e174f75d122) Importer(815301076,1909f56bfc062723c751e8b465ee728b)  -> (artifact id: 'f52df46f9abce28dd1e8c25374ce8d74') in 0.011732 seconds
  Import took 0.021044 seconds .

========================================================================
Received Import Request.
  Time since last request: 9.945543 seconds.
  path: Assets/Scripts/WeaponScripts/WeaponComponent.cs
  artifactKey: Guid(4f99f666e3380a141955f2c3f1bbd0ac) Importer(815301076,1909f56bfc062723c751e8b465ee728b)
Start importing Assets/Scripts/WeaponScripts/WeaponComponent.cs using Guid(4f99f666e3380a141955f2c3f1bbd0ac) Importer(815301076,1909f56bfc062723c751e8b465ee728b)  -> (artifact id: 'fd0755c67c16ebad5549881a705cc719') in 0.007720 seconds
  Import took 0.033146 seconds .

========================================================================
Received Prepare
Registering precompiled user dll's ...
Registered in 0.000938 seconds.
Begin MonoManager ReloadAssembly
Native extension for WindowsStandalone target not found
Native extension for WebGL target not found
Refreshing native plugins compatible for Editor in 0.47 ms, found 0 plugins.
Preloading 0 native plugins for Editor in 0.00 ms.
Mono: successfully reloaded assembly
- Completed reload, in  1.152 seconds
Platform modules already initialized, skipping
Refreshing native plugins compatible for Editor in 0.75 ms, found 0 plugins.
Preloading 0 native plugins for Editor in 0.00 ms.
Unloading 1894 Unused Serialized files (Serialized files now loaded: 0)
System memory in use before: 86.6 MB.
System memory in use after: 86.7 MB.

Unloading 6 unused Assets to reduce memory usage. Loaded Objects now: 2374.
Total: 2.606800 ms (FindLiveObjects: 0.267000 ms CreateObjectMapping: 0.084000 ms MarkObjects: 2.138900 ms  DeleteObjects: 0.115800 ms)

========================================================================
Received Import Request.
  Time since last request: 22.967862 seconds.
  path: Assets/Prefabs/SM_Wep_AssaultRifle_01.prefab
  artifactKey: Guid(ad49a19d2c4adc94b838606a5d459f85) Importer(815301076,1909f56bfc062723c751e8b465ee728b)
Start importing Assets/Prefabs/SM_Wep_AssaultRifle_01.prefab using Guid(ad49a19d2c4adc94b838606a5d459f85) Importer(815301076,1909f56bfc062723c751e8b465ee728b)  -> (artifact id: '4b6ec49479229922c8734f7b7fe66dbf') in 0.327533 seconds
  Import took 0.355903 seconds .

========================================================================
Received Prepare
Registering precompiled user dll's ...
Registered in 0.001698 seconds.
Begin MonoManager ReloadAssembly
Native extension for WindowsStandalone target not found
Native extension for WebGL target not found
Refreshing native plugins compatible for Editor in 0.68 ms, found 0 plugins.
Preloading 0 native plugins for Editor in 0.00 ms.
Mono: successfully reloaded assembly
- Completed reload, in  1.138 seconds
Platform modules already initialized, skipping
Refreshing native plugins compatible for Editor in 0.56 ms, found 0 plugins.
Preloading 0 native plugins for Editor in 0.00 ms.
Unloading 1894 Unused Serialized files (Serialized files now loaded: 0)
System memory in use before: 89.7 MB.
System memory in use after: 89.8 MB.

Unloading 6 unused Assets to reduce memory usage. Loaded Objects now: 2384.
Total: 3.199500 ms (FindLiveObjects: 0.318900 ms CreateObjectMapping: 0.099300 ms MarkObjects: 2.680200 ms  DeleteObjects: 0.099400 ms)

========================================================================
Received Prepare
Registering precompiled user dll's ...
Registered in 0.000883 seconds.
Begin MonoManager ReloadAssembly
Native extension for WindowsStandalone target not found
Native extension for WebGL target not found
Refreshing native plugins compatible for Editor in 0.43 ms, found 0 plugins.
Preloading 0 native plugins for Editor in 0.00 ms.
Mono: successfully reloaded assembly
- Completed reload, in  1.101 seconds
Platform modules already initialized, skipping
Refreshing native plugins compatible for Editor in 0.38 ms, found 0 plugins.
Preloading 0 native plugins for Editor in 0.00 ms.
Unloading 1894 Unused Serialized files (Serialized files now loaded: 0)
System memory in use before: 89.7 MB.
System memory in use after: 89.8 MB.

Unloading 6 unused Assets to reduce memory usage. Loaded Objects now: 2387.
Total: 2.624100 ms (FindLiveObjects: 0.340800 ms CreateObjectMapping: 0.113900 ms MarkObjects: 2.024300 ms  DeleteObjects: 0.143700 ms)

========================================================================
Received Prepare
Registering precompiled user dll's ...
Registered in 0.001314 seconds.
Begin MonoManager ReloadAssembly
Native extension for WindowsStandalone target not found
Native extension for WebGL target not found
Refreshing native plugins compatible for Editor in 1.21 ms, found 0 plugins.
Preloading 0 native plugins for Editor in 0.00 ms.
Mono: successfully reloaded assembly
- Completed reload, in  1.585 seconds
Platform modules already initialized, skipping
Refreshing native plugins compatible for Editor in 0.60 ms, found 0 plugins.
Preloading 0 native plugins for Editor in 0.00 ms.
Unloading 1894 Unused Serialized files (Serialized files now loaded: 0)
System memory in use before: 89.8 MB.
System memory in use after: 89.8 MB.

Unloading 6 unused Assets to reduce memory usage. Loaded Objects now: 2390.
Total: 3.622700 ms (FindLiveObjects: 0.251300 ms CreateObjectMapping: 0.099700 ms MarkObjects: 3.139700 ms  DeleteObjects: 0.130300 ms)

========================================================================
Received Prepare
Registering precompiled user dll's ...
Registered in 0.001171 seconds.
Begin MonoManager ReloadAssembly
Native extension for WindowsStandalone target not found
Native extension for WebGL target not found
Refreshing native plugins compatible for Editor in 0.44 ms, found 0 plugins.
Preloading 0 native plugins for Editor in 0.00 ms.
Mono: successfully reloaded assembly
- Completed reload, in  1.564 seconds
Platform modules already initialized, skipping
Refreshing native plugins compatible for Editor in 0.42 ms, found 0 plugins.
Preloading 0 native plugins for Editor in 0.00 ms.
Unloading 1894 Unused Serialized files (Serialized files now loaded: 0)
System memory in use before: 89.8 MB.
System memory in use after: 89.9 MB.

Unloading 6 unused Assets to reduce memory usage. Loaded Objects now: 2393.
Total: 4.141000 ms (FindLiveObjects: 0.268400 ms CreateObjectMapping: 0.120300 ms MarkObjects: 3.610700 ms  DeleteObjects: 0.139900 ms)

========================================================================
Received Import Request.
  Time since last request: 727.712121 seconds.
  path: Assets/Scripts/WeaponScripts/WeaponComponent.cs
  artifactKey: Guid(4f99f666e3380a141955f2c3f1bbd0ac) Importer(815301076,1909f56bfc062723c751e8b465ee728b)
Start importing Assets/Scripts/WeaponScripts/WeaponComponent.cs using Guid(4f99f666e3380a141955f2c3f1bbd0ac) Importer(815301076,1909f56bfc062723c751e8b465ee728b)  -> (artifact id: 'c0d5781104570eed74e1fdb84c8bf631') in 0.011824 seconds
  Import took 0.061950 seconds .

========================================================================
Received Import Request.
  Time since last request: 0.349775 seconds.
  path: Assets/Scripts/WeaponScripts/AK47Component.cs
  artifactKey: Guid(2b29c0c40576e0c4ca6ed3fc53954c5a) Importer(815301076,1909f56bfc062723c751e8b465ee728b)
Start importing Assets/Scripts/WeaponScripts/AK47Component.cs using Guid(2b29c0c40576e0c4ca6ed3fc53954c5a) Importer(815301076,1909f56bfc062723c751e8b465ee728b)  -> (artifact id: '41dc686b7c94021b2f12e9574db3841c') in 0.002449 seconds
  Import took 0.016599 seconds .

========================================================================
Received Import Request.
  Time since last request: 5.790690 seconds.
  path: Assets/Prefabs/SM_Wep_AssaultRifle_01.prefab
  artifactKey: Guid(ad49a19d2c4adc94b838606a5d459f85) Importer(815301076,1909f56bfc062723c751e8b465ee728b)
Start importing Assets/Prefabs/SM_Wep_AssaultRifle_01.prefab using Guid(ad49a19d2c4adc94b838606a5d459f85) Importer(815301076,1909f56bfc062723c751e8b465ee728b)  -> (artifact id: 'fbff60dae34a8d8b6726f004d82fa10a') in 0.125048 seconds
  Import took 0.172905 seconds .

========================================================================
Received Prepare
Registering precompiled user dll's ...
Registered in 0.001312 seconds.
Begin MonoManager ReloadAssembly
Native extension for WindowsStandalone target not found
Native extension for WebGL target not found
Refreshing native plugins compatible for Editor in 0.42 ms, found 0 plugins.
Preloading 0 native plugins for Editor in 0.00 ms.
Mono: successfully reloaded assembly
- Completed reload, in  1.816 seconds
Platform modules already initialized, skipping
Refreshing native plugins compatible for Editor in 0.51 ms, found 0 plugins.
Preloading 0 native plugins for Editor in 0.00 ms.
Unloading 1894 Unused Serialized files (Serialized files now loaded: 0)
System memory in use before: 89.8 MB.
System memory in use after: 89.9 MB.

Unloading 6 unused Assets to reduce memory usage. Loaded Objects now: 2397.
Total: 5.643200 ms (FindLiveObjects: 0.524000 ms CreateObjectMapping: 0.352600 ms MarkObjects: 4.657700 ms  DeleteObjects: 0.106500 ms)

========================================================================
Received Import Request.
  Time since last request: 2331.899943 seconds.
  path: Assets/Art/Characters/Animations/Douglas@Reloading.fbx
  artifactKey: Guid(3259398fa1524e14cbcad6e6f2563162) Importer(815301076,1909f56bfc062723c751e8b465ee728b)
Start importing Assets/Art/Characters/Animations/Douglas@Reloading.fbx using Guid(3259398fa1524e14cbcad6e6f2563162) Importer(815301076,1909f56bfc062723c751e8b465ee728b)  -> (artifact id: '9fe1d26f68558badbb0f82f81792fc87') in 0.067879 seconds
  Import took 0.090895 seconds .

========================================================================
Received Import Request.
  Time since last request: 0.002281 seconds.
  path: Assets/Art/Characters/Animations/Douglas@Reloading.fbx
  artifactKey: Guid(3259398fa1524e14cbcad6e6f2563162) Importer(815301076,1909f56bfc062723c751e8b465ee728b)
Start importing Assets/Art/Characters/Animations/Douglas@Reloading.fbx using Guid(3259398fa1524e14cbcad6e6f2563162) Importer(815301076,1909f56bfc062723c751e8b465ee728b)  -> (artifact id: '9fe1d26f68558badbb0f82f81792fc87') in 0.026085 seconds
  Import took 0.032355 seconds .

========================================================================
Received Import Request.
  Time since last request: 15.242236 seconds.
  path: Assets/Art/Characters/Animations/Douglas@Reloading.fbx
  artifactKey: Guid(3259398fa1524e14cbcad6e6f2563162) Importer(815301076,1909f56bfc062723c751e8b465ee728b)
Start importing Assets/Art/Characters/Animations/Douglas@Reloading.fbx using Guid(3259398fa1524e14cbcad6e6f2563162) Importer(815301076,1909f56bfc062723c751e8b465ee728b)  -> (artifact id: '941327dd1a98595df6161766b7876bda') in 0.009908 seconds
  Import took 0.023205 seconds .

========================================================================
Received Import Request.
  Time since last request: 133.002021 seconds.
  path: Assets/Art/Characters/PlayerAnimController.controller
  artifactKey: Guid(b510c425db476c14199496a3f25e1b14) Importer(815301076,1909f56bfc062723c751e8b465ee728b)
Start importing Assets/Art/Characters/PlayerAnimController.controller using Guid(b510c425db476c14199496a3f25e1b14) Importer(815301076,1909f56bfc062723c751e8b465ee728b)  -> (artifact id: 'e871850b4683f51fdff0c565123bb1cc') in 0.210944 seconds
  Import took 0.228403 seconds .

========================================================================
Received Import Request.
  Time since last request: 4.531623 seconds.
  path: Assets/Art/Characters/PlayerAnimController.controller
  artifactKey: Guid(b510c425db476c14199496a3f25e1b14) Importer(815301076,1909f56bfc062723c751e8b465ee728b)
Start importing Assets/Art/Characters/PlayerAnimController.controller using Guid(b510c425db476c14199496a3f25e1b14) Importer(815301076,1909f56bfc062723c751e8b465ee728b)  -> (artifact id: '903f85589e265dac9e6f203fae1c5afc') in 0.020496 seconds
  Import took 0.060653 seconds .

========================================================================
Received Import Request.
  Time since last request: 1319.653566 seconds.
  path: Assets/Art/Characters/PlayerAnimController.controller
  artifactKey: Guid(b510c425db476c14199496a3f25e1b14) Importer(815301076,1909f56bfc062723c751e8b465ee728b)
Start importing Assets/Art/Characters/PlayerAnimController.controller using Guid(b510c425db476c14199496a3f25e1b14) Importer(815301076,1909f56bfc062723c751e8b465ee728b)  -> (artifact id: '510c7c3ded197f5696c9278597bdb002') in 0.021907 seconds
  Import took 0.027766 seconds .

========================================================================
Received Prepare
Registering precompiled user dll's ...
Registered in 0.000782 seconds.
Begin MonoManager ReloadAssembly
Native extension for WindowsStandalone target not found
Native extension for WebGL target not found
Refreshing native plugins compatible for Editor in 1.15 ms, found 0 plugins.
Preloading 0 native plugins for Editor in 0.00 ms.
Mono: successfully reloaded assembly
- Completed reload, in  1.412 seconds
Platform modules already initialized, skipping
Refreshing native plugins compatible for Editor in 0.41 ms, found 0 plugins.
Preloading 0 native plugins for Editor in 0.00 ms.
Unloading 1895 Unused Serialized files (Serialized files now loaded: 0)
System memory in use before: 89.8 MB.
System memory in use after: 89.9 MB.

Unloading 6 unused Assets to reduce memory usage. Loaded Objects now: 2401.
Total: 3.004300 ms (FindLiveObjects: 0.193700 ms CreateObjectMapping: 0.086400 ms MarkObjects: 2.593600 ms  DeleteObjects: 0.129700 ms)

========================================================================
Received Import Request.
  Time since last request: 360.606051 seconds.
  path: Assets/Data/PlayerInputActions.inputactions
  artifactKey: Guid(8890171b86917f2499bf0c9124f6dad7) Importer(815301076,1909f56bfc062723c751e8b465ee728b)
Start importing Assets/Data/PlayerInputActions.inputactions using Guid(8890171b86917f2499bf0c9124f6dad7) Importer(815301076,1909f56bfc062723c751e8b465ee728b)  -> (artifact id: '2648d649d37d2eae14878e675241088e') in 0.040758 seconds
  Import took 0.066255 seconds .

========================================================================
Received Prepare
Registering precompiled user dll's ...
Registered in 0.000805 seconds.
Begin MonoManager ReloadAssembly
Native extension for WindowsStandalone target not found
Native extension for WebGL target not found
Refreshing native plugins compatible for Editor in 0.39 ms, found 0 plugins.
Preloading 0 native plugins for Editor in 0.00 ms.
Mono: successfully reloaded assembly
- Completed reload, in  1.402 seconds
Platform modules already initialized, skipping
Refreshing native plugins compatible for Editor in 0.40 ms, found 0 plugins.
Preloading 0 native plugins for Editor in 0.00 ms.
Unloading 1895 Unused Serialized files (Serialized files now loaded: 0)
System memory in use before: 89.8 MB.
System memory in use after: 89.9 MB.

Unloading 6 unused Assets to reduce memory usage. Loaded Objects now: 2404.
Total: 4.073300 ms (FindLiveObjects: 0.546000 ms CreateObjectMapping: 0.174200 ms MarkObjects: 3.229400 ms  DeleteObjects: 0.121300 ms)

========================================================================
Received Prepare
Registering precompiled user dll's ...
Registered in 0.003244 seconds.
Begin MonoManager ReloadAssembly
Native extension for WindowsStandalone target not found
Native extension for WebGL target not found
Refreshing native plugins compatible for Editor in 0.67 ms, found 0 plugins.
Preloading 0 native plugins for Editor in 0.00 ms.
Mono: successfully reloaded assembly
- Completed reload, in  1.414 seconds
Platform modules already initialized, skipping
Refreshing native plugins compatible for Editor in 0.54 ms, found 0 plugins.
Preloading 0 native plugins for Editor in 0.00 ms.
Unloading 1895 Unused Serialized files (Serialized files now loaded: 0)
System memory in use before: 89.9 MB.
System memory in use after: 89.9 MB.

Unloading 6 unused Assets to reduce memory usage. Loaded Objects now: 2407.
Total: 5.947100 ms (FindLiveObjects: 0.346100 ms CreateObjectMapping: 0.097300 ms MarkObjects: 5.310400 ms  DeleteObjects: 0.190100 ms)

========================================================================
Received Prepare
Registering precompiled user dll's ...
Registered in 0.001073 seconds.
Begin MonoManager ReloadAssembly
Native extension for WindowsStandalone target not found
Native extension for WebGL target not found
Refreshing native plugins compatible for Editor in 0.37 ms, found 0 plugins.
Preloading 0 native plugins for Editor in 0.00 ms.
Mono: successfully reloaded assembly
- Completed reload, in  1.410 seconds
Platform modules already initialized, skipping
Refreshing native plugins compatible for Editor in 0.59 ms, found 0 plugins.
Preloading 0 native plugins for Editor in 0.00 ms.
Unloading 1895 Unused Serialized files (Serialized files now loaded: 0)
System memory in use before: 89.9 MB.
System memory in use after: 90.0 MB.

Unloading 6 unused Assets to reduce memory usage. Loaded Objects now: 2410.
Total: 6.048800 ms (FindLiveObjects: 0.506300 ms CreateObjectMapping: 0.206100 ms MarkObjects: 5.229500 ms  DeleteObjects: 0.105200 ms)

========================================================================
Received Import Request.
  Time since last request: 1375.310922 seconds.
  path: Assets/Art/Characters/PlayerAnimController.controller
  artifactKey: Guid(b510c425db476c14199496a3f25e1b14) Importer(815301076,1909f56bfc062723c751e8b465ee728b)
Start importing Assets/Art/Characters/PlayerAnimController.controller using Guid(b510c425db476c14199496a3f25e1b14) Importer(815301076,1909f56bfc062723c751e8b465ee728b)  -> (artifact id: '507fc1fceda15ab5be198a24b984970a') in 0.036820 seconds
  Import took 0.043182 seconds .

========================================================================
Received Prepare
Registering precompiled user dll's ...
Registered in 0.001132 seconds.
Begin MonoManager ReloadAssembly
Native extension for WindowsStandalone target not found
Native extension for WebGL target not found
Refreshing native plugins compatible for Editor in 0.50 ms, found 0 plugins.
Preloading 0 native plugins for Editor in 0.00 ms.
Mono: successfully reloaded assembly
- Completed reload, in  1.258 seconds
Platform modules already initialized, skipping
Refreshing native plugins compatible for Editor in 0.70 ms, found 0 plugins.
Preloading 0 native plugins for Editor in 0.00 ms.
Unloading 1895 Unused Serialized files (Serialized files now loaded: 0)
System memory in use before: 89.9 MB.
System memory in use after: 90.0 MB.

Unloading 6 unused Assets to reduce memory usage. Loaded Objects now: 2413.
Total: 3.128900 ms (FindLiveObjects: 0.438700 ms CreateObjectMapping: 0.126100 ms MarkObjects: 2.413100 ms  DeleteObjects: 0.148500 ms)

========================================================================
Received Import Request.
  Time since last request: 355.544778 seconds.
  path: Assets/Art/Characters/Animations/Douglas@Reloading.fbx
  artifactKey: Guid(3259398fa1524e14cbcad6e6f2563162) Importer(815301076,1909f56bfc062723c751e8b465ee728b)
Start importing Assets/Art/Characters/Animations/Douglas@Reloading.fbx using Guid(3259398fa1524e14cbcad6e6f2563162) Importer(815301076,1909f56bfc062723c751e8b465ee728b)  -> (artifact id: '74594d0cfff461683dd8a663ecadd305') in 0.044398 seconds
  Import took 0.087194 seconds .

========================================================================
Received Import Request.
  Time since last request: 0.001538 seconds.
  path: Assets/Art/Characters/Animations/Douglas@Reloading.fbx
  artifactKey: Guid(3259398fa1524e14cbcad6e6f2563162) Importer(815301076,1909f56bfc062723c751e8b465ee728b)
Start importing Assets/Art/Characters/Animations/Douglas@Reloading.fbx using Guid(3259398fa1524e14cbcad6e6f2563162) Importer(815301076,1909f56bfc062723c751e8b465ee728b)  -> (artifact id: '74594d0cfff461683dd8a663ecadd305') in 0.008087 seconds
  Import took 0.014252 seconds .

========================================================================
Received Prepare
Registering precompiled user dll's ...
Registered in 0.001536 seconds.
Begin MonoManager ReloadAssembly
Native extension for WindowsStandalone target not found
Native extension for WebGL target not found
Refreshing native plugins compatible for Editor in 0.40 ms, found 0 plugins.
Preloading 0 native plugins for Editor in 0.00 ms.
Mono: successfully reloaded assembly
- Completed reload, in  1.302 seconds
Platform modules already initialized, skipping
Refreshing native plugins compatible for Editor in 0.77 ms, found 0 plugins.
Preloading 0 native plugins for Editor in 0.00 ms.
Unloading 1895 Unused Serialized files (Serialized files now loaded: 0)
System memory in use before: 89.9 MB.
System memory in use after: 90.0 MB.

Unloading 6 unused Assets to reduce memory usage. Loaded Objects now: 2416.
Total: 4.611900 ms (FindLiveObjects: 0.318000 ms CreateObjectMapping: 0.143000 ms MarkObjects: 4.011600 ms  DeleteObjects: 0.137100 ms)

========================================================================
Received Import Request.
  Time since last request: 21.835927 seconds.
  path: Assets/Art/Characters/Animations/Douglas@Reloading.fbx
  artifactKey: Guid(3259398fa1524e14cbcad6e6f2563162) Importer(815301076,1909f56bfc062723c751e8b465ee728b)
Start importing Assets/Art/Characters/Animations/Douglas@Reloading.fbx using Guid(3259398fa1524e14cbcad6e6f2563162) Importer(815301076,1909f56bfc062723c751e8b465ee728b)  -> (artifact id: 'f7ba2d1188fc9038c7d3961c306c837f') in 0.053617 seconds
  Import took 0.106245 seconds .

========================================================================
Received Prepare
Registering precompiled user dll's ...
Registered in 0.000905 seconds.
Begin MonoManager ReloadAssembly
Native extension for WindowsStandalone target not found
Native extension for WebGL target not found
Refreshing native plugins compatible for Editor in 0.65 ms, found 0 plugins.
Preloading 0 native plugins for Editor in 0.00 ms.
Mono: successfully reloaded assembly
- Completed reload, in  1.273 seconds
Platform modules already initialized, skipping
Refreshing native plugins compatible for Editor in 0.46 ms, found 0 plugins.
Preloading 0 native plugins for Editor in 0.00 ms.
Unloading 1895 Unused Serialized files (Serialized files now loaded: 0)
System memory in use before: 89.9 MB.
System memory in use after: 90.0 MB.

Unloading 6 unused Assets to reduce memory usage. Loaded Objects now: 2419.
Total: 2.883700 ms (FindLiveObjects: 0.271100 ms CreateObjectMapping: 0.112800 ms MarkObjects: 2.359400 ms  DeleteObjects: 0.137600 ms)

========================================================================
Received Prepare
Registering precompiled user dll's ...
Registered in 0.001215 seconds.
Begin MonoManager ReloadAssembly
Native extension for WindowsStandalone target not found
Native extension for WebGL target not found
Refreshing native plugins compatible for Editor in 0.42 ms, found 0 plugins.
Preloading 0 native plugins for Editor in 0.00 ms.
Mono: successfully reloaded assembly
- Completed reload, in  1.703 seconds
Platform modules already initialized, skipping
Refreshing native plugins compatible for Editor in 0.38 ms, found 0 plugins.
Preloading 0 native plugins for Editor in 0.00 ms.
Unloading 1895 Unused Serialized files (Serialized files now loaded: 0)
System memory in use before: 89.9 MB.
System memory in use after: 90.0 MB.

Unloading 6 unused Assets to reduce memory usage. Loaded Objects now: 2422.
Total: 2.858500 ms (FindLiveObjects: 0.262300 ms CreateObjectMapping: 0.089200 ms MarkObjects: 2.376700 ms  DeleteObjects: 0.129200 ms)

========================================================================
Received Prepare
Registering precompiled user dll's ...
Registered in 0.000787 seconds.
Begin MonoManager ReloadAssembly
Native extension for WindowsStandalone target not found
Native extension for WebGL target not found
Refreshing native plugins compatible for Editor in 0.33 ms, found 0 plugins.
Preloading 0 native plugins for Editor in 0.00 ms.
Mono: successfully reloaded assembly
- Completed reload, in  1.210 seconds
Platform modules already initialized, skipping
Refreshing native plugins compatible for Editor in 0.40 ms, found 0 plugins.
Preloading 0 native plugins for Editor in 0.00 ms.
Unloading 1895 Unused Serialized files (Serialized files now loaded: 0)
System memory in use before: 89.9 MB.
System memory in use after: 90.0 MB.

Unloading 6 unused Assets to reduce memory usage. Loaded Objects now: 2425.
Total: 2.909500 ms (FindLiveObjects: 0.284000 ms CreateObjectMapping: 0.081000 ms MarkObjects: 2.430700 ms  DeleteObjects: 0.112700 ms)

========================================================================
Received Prepare
Registering precompiled user dll's ...
Registered in 0.001050 seconds.
Begin MonoManager ReloadAssembly
Native extension for WindowsStandalone target not found
Native extension for WebGL target not found
Refreshing native plugins compatible for Editor in 0.34 ms, found 0 plugins.
Preloading 0 native plugins for Editor in 0.00 ms.
Mono: successfully reloaded assembly
- Completed reload, in  1.283 seconds
Platform modules already initialized, skipping
Refreshing native plugins compatible for Editor in 0.41 ms, found 0 plugins.
Preloading 0 native plugins for Editor in 0.00 ms.
Unloading 1895 Unused Serialized files (Serialized files now loaded: 0)
System memory in use before: 89.9 MB.
System memory in use after: 90.0 MB.

Unloading 6 unused Assets to reduce memory usage. Loaded Objects now: 2428.
Total: 2.919000 ms (FindLiveObjects: 0.337300 ms CreateObjectMapping: 0.119500 ms MarkObjects: 2.327500 ms  DeleteObjects: 0.133500 ms)

========================================================================
Received Import Request.
  Time since last request: 420.506553 seconds.
  path: Assets/Art/Characters/Animations/Douglas@Reloading (1).fbx
  artifactKey: Guid(d793000fc39c2a945800a338e80ae390) Importer(815301076,1909f56bfc062723c751e8b465ee728b)
Start importing Assets/Art/Characters/Animations/Douglas@Reloading (1).fbx using Guid(d793000fc39c2a945800a338e80ae390) Importer(815301076,1909f56bfc062723c751e8b465ee728b)  -> (artifact id: '3a4c52e2d0841ea7d926d86f23021464') in 0.062784 seconds
  Import took 0.070402 seconds .

========================================================================
Received Import Request.
  Time since last request: 10.811319 seconds.
  path: Assets/Art/Characters/Animations/Douglas@Reloading (1).fbx
  artifactKey: Guid(d793000fc39c2a945800a338e80ae390) Importer(815301076,1909f56bfc062723c751e8b465ee728b)
Start importing Assets/Art/Characters/Animations/Douglas@Reloading (1).fbx using Guid(d793000fc39c2a945800a338e80ae390) Importer(815301076,1909f56bfc062723c751e8b465ee728b)  -> (artifact id: '723f2d49814895a4d6c858b13d9a782c') in 0.009850 seconds
  Import took 0.015512 seconds .

========================================================================
Received Import Request.
  Time since last request: 5.203636 seconds.
  path: Assets/Art/Characters/Animations/Douglas@Reloading (1).fbx
  artifactKey: Guid(d793000fc39c2a945800a338e80ae390) Importer(815301076,1909f56bfc062723c751e8b465ee728b)
Start importing Assets/Art/Characters/Animations/Douglas@Reloading (1).fbx using Guid(d793000fc39c2a945800a338e80ae390) Importer(815301076,1909f56bfc062723c751e8b465ee728b)  -> (artifact id: '79f5f2d5f80d8c3faf99333f14c8dd51') in 0.010176 seconds
  Import took 0.015239 seconds .

========================================================================
Received Prepare
Registering precompiled user dll's ...
Registered in 0.000779 seconds.
Begin MonoManager ReloadAssembly
Native extension for WindowsStandalone target not found
Native extension for WebGL target not found
Refreshing native plugins compatible for Editor in 0.36 ms, found 0 plugins.
Preloading 0 native plugins for Editor in 0.00 ms.
Mono: successfully reloaded assembly
- Completed reload, in  1.284 seconds
Platform modules already initialized, skipping
Refreshing native plugins compatible for Editor in 0.40 ms, found 0 plugins.
Preloading 0 native plugins for Editor in 0.00 ms.
Unloading 1895 Unused Serialized files (Serialized files now loaded: 0)
System memory in use before: 89.9 MB.
System memory in use after: 90.0 MB.

Unloading 6 unused Assets to reduce memory usage. Loaded Objects now: 2431.
Total: 3.136400 ms (FindLiveObjects: 0.310200 ms CreateObjectMapping: 0.108000 ms MarkObjects: 2.591400 ms  DeleteObjects: 0.125100 ms)

========================================================================
Received Prepare
Registering precompiled user dll's ...
Registered in 0.001005 seconds.
Begin MonoManager ReloadAssembly
Native extension for WindowsStandalone target not found
Native extension for WebGL target not found
Refreshing native plugins compatible for Editor in 0.93 ms, found 0 plugins.
Preloading 0 native plugins for Editor in 0.00 ms.
Mono: successfully reloaded assembly
- Completed reload, in  4.765 seconds
Platform modules already initialized, skipping
Refreshing native plugins compatible for Editor in 0.80 ms, found 0 plugins.
Preloading 0 native plugins for Editor in 0.00 ms.
Unloading 1895 Unused Serialized files (Serialized files now loaded: 0)
System memory in use before: 90.0 MB.
System memory in use after: 90.0 MB.

Unloading 6 unused Assets to reduce memory usage. Loaded Objects now: 2434.
Total: 4.572800 ms (FindLiveObjects: 0.680000 ms CreateObjectMapping: 0.205000 ms MarkObjects: 3.556800 ms  DeleteObjects: 0.129600 ms)

========================================================================
Received Prepare
Registering precompiled user dll's ...
Registered in 0.000888 seconds.
Begin MonoManager ReloadAssembly
Native extension for WindowsStandalone target not found
Native extension for WebGL target not found
Refreshing native plugins compatible for Editor in 0.50 ms, found 0 plugins.
Preloading 0 native plugins for Editor in 0.00 ms.
Mono: successfully reloaded assembly
- Completed reload, in  1.332 seconds
Platform modules already initialized, skipping
Refreshing native plugins compatible for Editor in 0.41 ms, found 0 plugins.
Preloading 0 native plugins for Editor in 0.00 ms.
Unloading 1895 Unused Serialized files (Serialized files now loaded: 0)
System memory in use before: 90.0 MB.
System memory in use after: 90.1 MB.

Unloading 6 unused Assets to reduce memory usage. Loaded Objects now: 2437.
Total: 2.361600 ms (FindLiveObjects: 0.192100 ms CreateObjectMapping: 0.067500 ms MarkObjects: 1.947000 ms  DeleteObjects: 0.153100 ms)

========================================================================
Received Prepare
Registering precompiled user dll's ...
Registered in 0.001075 seconds.
Begin MonoManager ReloadAssembly
Native extension for WindowsStandalone target not found
Native extension for WebGL target not found
Refreshing native plugins compatible for Editor in 0.70 ms, found 0 plugins.
Preloading 0 native plugins for Editor in 0.00 ms.
Mono: successfully reloaded assembly
- Completed reload, in  1.528 seconds
Platform modules already initialized, skipping
Refreshing native plugins compatible for Editor in 0.42 ms, found 0 plugins.
Preloading 0 native plugins for Editor in 0.00 ms.
Unloading 1895 Unused Serialized files (Serialized files now loaded: 0)
System memory in use before: 90.0 MB.
System memory in use after: 90.1 MB.

Unloading 6 unused Assets to reduce memory usage. Loaded Objects now: 2440.
Total: 3.259300 ms (FindLiveObjects: 0.395000 ms CreateObjectMapping: 0.095000 ms MarkObjects: 2.618000 ms  DeleteObjects: 0.150100 ms)

========================================================================
Received Prepare
Registering precompiled user dll's ...
Registered in 0.000989 seconds.
Begin MonoManager ReloadAssembly
Native extension for WindowsStandalone target not found
Native extension for WebGL target not found
Refreshing native plugins compatible for Editor in 0.53 ms, found 0 plugins.
Preloading 0 native plugins for Editor in 0.00 ms.
Mono: successfully reloaded assembly
- Completed reload, in  1.777 seconds
Platform modules already initialized, skipping
Refreshing native plugins compatible for Editor in 0.40 ms, found 0 plugins.
Preloading 0 native plugins for Editor in 0.00 ms.
Unloading 1895 Unused Serialized files (Serialized files now loaded: 0)
System memory in use before: 90.0 MB.
System memory in use after: 90.1 MB.

Unloading 6 unused Assets to reduce memory usage. Loaded Objects now: 2443.
Total: 5.289500 ms (FindLiveObjects: 0.404300 ms CreateObjectMapping: 0.123800 ms MarkObjects: 4.624600 ms  DeleteObjects: 0.134300 ms)

========================================================================
Received Import Request.
  Time since last request: 1557.937274 seconds.
  path: Assets/Prefabs/SM_Wep_AssaultRifle_01.prefab
  artifactKey: Guid(ad49a19d2c4adc94b838606a5d459f85) Importer(815301076,1909f56bfc062723c751e8b465ee728b)
Start importing Assets/Prefabs/SM_Wep_AssaultRifle_01.prefab using Guid(ad49a19d2c4adc94b838606a5d459f85) Importer(815301076,1909f56bfc062723c751e8b465ee728b)  -> (artifact id: '70a9a45723f2468f3d4575f35aa9acbb') in 0.292816 seconds
  Import took 0.300620 seconds .

========================================================================
Received Import Request.
  Time since last request: 8.337164 seconds.
  path: Assets/Prefabs/SM_Wep_AssaultRifle_01.prefab
  artifactKey: Guid(ad49a19d2c4adc94b838606a5d459f85) Importer(815301076,1909f56bfc062723c751e8b465ee728b)
Start importing Assets/Prefabs/SM_Wep_AssaultRifle_01.prefab using Guid(ad49a19d2c4adc94b838606a5d459f85) Importer(815301076,1909f56bfc062723c751e8b465ee728b)  -> (artifact id: 'd7a74f37533e81178034b8cc4a509ca9') in 0.104830 seconds
  Import took 0.123839 seconds .

========================================================================
Received Import Request.
  Time since last request: 6.836298 seconds.
  path: Assets/Prefabs/SM_Wep_AssaultRifle_01.prefab
  artifactKey: Guid(ad49a19d2c4adc94b838606a5d459f85) Importer(815301076,1909f56bfc062723c751e8b465ee728b)
Start importing Assets/Prefabs/SM_Wep_AssaultRifle_01.prefab using Guid(ad49a19d2c4adc94b838606a5d459f85) Importer(815301076,1909f56bfc062723c751e8b465ee728b)  -> (artifact id: 'b5fe96747c91e60d5816ef43f415c01c') in 0.065073 seconds
  Import took 0.095902 seconds .

========================================================================
Received Import Request.
  Time since last request: 0.319697 seconds.
  path: Assets/Prefabs/SM_Wep_AssaultRifle_01.prefab
  artifactKey: Guid(ad49a19d2c4adc94b838606a5d459f85) Importer(815301076,1909f56bfc062723c751e8b465ee728b)
Start importing Assets/Prefabs/SM_Wep_AssaultRifle_01.prefab using Guid(ad49a19d2c4adc94b838606a5d459f85) Importer(815301076,1909f56bfc062723c751e8b465ee728b)  -> (artifact id: 'dc08df475e391b12e6d0f5c4eb0745c1') in 0.069637 seconds
  Import took 0.076916 seconds .

========================================================================
Received Import Request.
  Time since last request: 0.340159 seconds.
  path: Assets/Prefabs/SM_Wep_AssaultRifle_01.prefab
  artifactKey: Guid(ad49a19d2c4adc94b838606a5d459f85) Importer(815301076,1909f56bfc062723c751e8b465ee728b)
Start importing Assets/Prefabs/SM_Wep_AssaultRifle_01.prefab using Guid(ad49a19d2c4adc94b838606a5d459f85) Importer(815301076,1909f56bfc062723c751e8b465ee728b)  -> (artifact id: 'e7e6a14c43786feb0a7ebdace5f44af0') in 0.063871 seconds
  Import took 0.072312 seconds .

========================================================================
Received Import Request.
  Time since last request: 5.894182 seconds.
  path: Assets/Prefabs/SM_Wep_AssaultRifle_01.prefab
  artifactKey: Guid(ad49a19d2c4adc94b838606a5d459f85) Importer(815301076,1909f56bfc062723c751e8b465ee728b)
Start importing Assets/Prefabs/SM_Wep_AssaultRifle_01.prefab using Guid(ad49a19d2c4adc94b838606a5d459f85) Importer(815301076,1909f56bfc062723c751e8b465ee728b)  -> (artifact id: '38c6bbe16de473e101c9787371571a01') in 0.090637 seconds
  Import took 0.098775 seconds .

========================================================================
Received Import Request.
  Time since last request: 15.116820 seconds.
  path: Assets/Prefabs/SM_Wep_AssaultRifle_01.prefab
  artifactKey: Guid(ad49a19d2c4adc94b838606a5d459f85) Importer(815301076,1909f56bfc062723c751e8b465ee728b)
Start importing Assets/Prefabs/SM_Wep_AssaultRifle_01.prefab using Guid(ad49a19d2c4adc94b838606a5d459f85) Importer(815301076,1909f56bfc062723c751e8b465ee728b)  -> (artifact id: '4f6ca40689cd2368af390d28378245af') in 0.067714 seconds
  Import took 0.090790 seconds .

========================================================================
Received Import Request.
  Time since last request: 8.329380 seconds.
  path: Assets/Prefabs/SM_Wep_AssaultRifle_01.prefab
  artifactKey: Guid(ad49a19d2c4adc94b838606a5d459f85) Importer(815301076,1909f56bfc062723c751e8b465ee728b)
Start importing Assets/Prefabs/SM_Wep_AssaultRifle_01.prefab using Guid(ad49a19d2c4adc94b838606a5d459f85) Importer(815301076,1909f56bfc062723c751e8b465ee728b)  -> (artifact id: '67ae37dd0f5024a975a3057826ec691b') in 0.067505 seconds
  Import took 0.075449 seconds .

========================================================================
Received Import Request.
  Time since last request: 14.381875 seconds.
  path: Assets/Prefabs/SM_Wep_AssaultRifle_01.prefab
  artifactKey: Guid(ad49a19d2c4adc94b838606a5d459f85) Importer(815301076,1909f56bfc062723c751e8b465ee728b)
Start importing Assets/Prefabs/SM_Wep_AssaultRifle_01.prefab using Guid(ad49a19d2c4adc94b838606a5d459f85) Importer(815301076,1909f56bfc062723c751e8b465ee728b)  -> (artifact id: 'c448dd733b5e76b149a8d07083428f88') in 0.077624 seconds
  Import took 0.088281 seconds .

========================================================================
Received Import Request.
  Time since last request: 22.147819 seconds.
  path: Assets/Prefabs/SM_Wep_AssaultRifle_01.prefab
  artifactKey: Guid(ad49a19d2c4adc94b838606a5d459f85) Importer(815301076,1909f56bfc062723c751e8b465ee728b)
Start importing Assets/Prefabs/SM_Wep_AssaultRifle_01.prefab using Guid(ad49a19d2c4adc94b838606a5d459f85) Importer(815301076,1909f56bfc062723c751e8b465ee728b)  -> (artifact id: 'b5bc1d16aac3b571db9ef65f25f1a8c0') in 0.082525 seconds
  Import took 0.091328 seconds .

========================================================================
Received Import Request.
  Time since last request: 0.542067 seconds.
  path: Assets/Prefabs/SM_Wep_AssaultRifle_01.prefab
  artifactKey: Guid(ad49a19d2c4adc94b838606a5d459f85) Importer(815301076,1909f56bfc062723c751e8b465ee728b)
Start importing Assets/Prefabs/SM_Wep_AssaultRifle_01.prefab using Guid(ad49a19d2c4adc94b838606a5d459f85) Importer(815301076,1909f56bfc062723c751e8b465ee728b)  -> (artifact id: '0c33079d3aef5f880fcae465f35a9d87') in 0.071792 seconds
  Import took 0.083678 seconds .

========================================================================
Received Import Request.
  Time since last request: 6.899992 seconds.
  path: Assets/Prefabs/SM_Wep_AssaultRifle_01.prefab
  artifactKey: Guid(ad49a19d2c4adc94b838606a5d459f85) Importer(815301076,1909f56bfc062723c751e8b465ee728b)
Start importing Assets/Prefabs/SM_Wep_AssaultRifle_01.prefab using Guid(ad49a19d2c4adc94b838606a5d459f85) Importer(815301076,1909f56bfc062723c751e8b465ee728b)  -> (artifact id: 'd6ee5ed0e06bd12f0e14d39a8db4a492') in 0.064845 seconds
  Import took 0.088673 seconds .

========================================================================
Received Import Request.
  Time since last request: 14.688026 seconds.
  path: Assets/Prefabs/SM_Wep_AssaultRifle_01.prefab
  artifactKey: Guid(ad49a19d2c4adc94b838606a5d459f85) Importer(815301076,1909f56bfc062723c751e8b465ee728b)
Start importing Assets/Prefabs/SM_Wep_AssaultRifle_01.prefab using Guid(ad49a19d2c4adc94b838606a5d459f85) Importer(815301076,1909f56bfc062723c751e8b465ee728b)  -> (artifact id: 'e3db3ab5baea1a1ceafd264f3d59faa9') in 0.074550 seconds
  Import took 0.087082 seconds .

========================================================================
Received Prepare
Registering precompiled user dll's ...
Registered in 0.000837 seconds.
Begin MonoManager ReloadAssembly
Native extension for WindowsStandalone target not found
Native extension for WebGL target not found
Refreshing native plugins compatible for Editor in 0.40 ms, found 0 plugins.
Preloading 0 native plugins for Editor in 0.00 ms.
Mono: successfully reloaded assembly
- Completed reload, in  1.264 seconds
Platform modules already initialized, skipping
Refreshing native plugins compatible for Editor in 0.44 ms, found 0 plugins.
Preloading 0 native plugins for Editor in 0.00 ms.
Unloading 1895 Unused Serialized files (Serialized files now loaded: 0)
System memory in use before: 90.0 MB.
System memory in use after: 90.1 MB.

Unloading 6 unused Assets to reduce memory usage. Loaded Objects now: 2447.
Total: 3.128600 ms (FindLiveObjects: 0.270900 ms CreateObjectMapping: 0.078200 ms MarkObjects: 2.668000 ms  DeleteObjects: 0.109500 ms)

========================================================================
Received Import Request.
  Time since last request: 293.087589 seconds.
  path: Assets/Prefabs/SM_Wep_AssaultRifle_01.prefab
  artifactKey: Guid(ad49a19d2c4adc94b838606a5d459f85) Importer(815301076,1909f56bfc062723c751e8b465ee728b)
Start importing Assets/Prefabs/SM_Wep_AssaultRifle_01.prefab using Guid(ad49a19d2c4adc94b838606a5d459f85) Importer(815301076,1909f56bfc062723c751e8b465ee728b)  -> (artifact id: 'b3fe4b9368296335eefae95d5c4e86a1') in 0.116133 seconds
  Import took 0.147897 seconds .

========================================================================
Received Import Request.
  Time since last request: 2.228848 seconds.
  path: Assets/Prefabs/SM_Wep_AssaultRifle_01.prefab
  artifactKey: Guid(ad49a19d2c4adc94b838606a5d459f85) Importer(815301076,1909f56bfc062723c751e8b465ee728b)
Start importing Assets/Prefabs/SM_Wep_AssaultRifle_01.prefab using Guid(ad49a19d2c4adc94b838606a5d459f85) Importer(815301076,1909f56bfc062723c751e8b465ee728b)  -> (artifact id: '651323581f142f5bffb08a2ee56bcd14') in 0.065529 seconds
  Import took 0.074269 seconds .

========================================================================
Received Import Request.
  Time since last request: 14.981089 seconds.
  path: Assets/Prefabs/SM_Wep_AssaultRifle_01.prefab
  artifactKey: Guid(ad49a19d2c4adc94b838606a5d459f85) Importer(815301076,1909f56bfc062723c751e8b465ee728b)
Start importing Assets/Prefabs/SM_Wep_AssaultRifle_01.prefab using Guid(ad49a19d2c4adc94b838606a5d459f85) Importer(815301076,1909f56bfc062723c751e8b465ee728b)  -> (artifact id: '163bd8391ed0e278f3ea5187c6842031') in 0.074439 seconds
  Import took 0.082805 seconds .

========================================================================
Received Import Request.
  Time since last request: 9.112771 seconds.
  path: Assets/Prefabs/SM_Wep_AssaultRifle_01.prefab
  artifactKey: Guid(ad49a19d2c4adc94b838606a5d459f85) Importer(815301076,1909f56bfc062723c751e8b465ee728b)
Start importing Assets/Prefabs/SM_Wep_AssaultRifle_01.prefab using Guid(ad49a19d2c4adc94b838606a5d459f85) Importer(815301076,1909f56bfc062723c751e8b465ee728b)  -> (artifact id: 'fb34496c48059a0bccc2c173b169b195') in 0.067839 seconds
  Import took 0.075982 seconds .

========================================================================
Received Prepare
Registering precompiled user dll's ...
Registered in 0.000845 seconds.
Begin MonoManager ReloadAssembly
Native extension for WindowsStandalone target not found
Native extension for WebGL target not found
Refreshing native plugins compatible for Editor in 0.42 ms, found 0 plugins.
Preloading 0 native plugins for Editor in 0.00 ms.
Mono: successfully reloaded assembly
- Completed reload, in  1.427 seconds
Platform modules already initialized, skipping
Refreshing native plugins compatible for Editor in 0.38 ms, found 0 plugins.
Preloading 0 native plugins for Editor in 0.00 ms.
Unloading 1895 Unused Serialized files (Serialized files now loaded: 0)
System memory in use before: 90.1 MB.
System memory in use after: 90.1 MB.

Unloading 6 unused Assets to reduce memory usage. Loaded Objects now: 2451.
Total: 4.570100 ms (FindLiveObjects: 0.358300 ms CreateObjectMapping: 0.107500 ms MarkObjects: 3.956600 ms  DeleteObjects: 0.145400 ms)

========================================================================
Received Prepare
Registering precompiled user dll's ...
Registered in 0.000750 seconds.
Begin MonoManager ReloadAssembly
Native extension for WindowsStandalone target not found
Native extension for WebGL target not found
Refreshing native plugins compatible for Editor in 0.36 ms, found 0 plugins.
Preloading 0 native plugins for Editor in 0.00 ms.
Mono: successfully reloaded assembly
- Completed reload, in  1.257 seconds
Platform modules already initialized, skipping
Refreshing native plugins compatible for Editor in 0.58 ms, found 0 plugins.
Preloading 0 native plugins for Editor in 0.00 ms.
Unloading 1895 Unused Serialized files (Serialized files now loaded: 0)
System memory in use before: 90.1 MB.
System memory in use after: 90.1 MB.

Unloading 6 unused Assets to reduce memory usage. Loaded Objects now: 2454.
Total: 3.988000 ms (FindLiveObjects: 0.442300 ms CreateObjectMapping: 0.193900 ms MarkObjects: 3.246300 ms  DeleteObjects: 0.103300 ms)

========================================================================
Received Import Request.
  Time since last request: 414.218648 seconds.
  path: Assets/Prefabs/SM_Wep_AssaultRifle_01.prefab
  artifactKey: Guid(ad49a19d2c4adc94b838606a5d459f85) Importer(815301076,1909f56bfc062723c751e8b465ee728b)
Start importing Assets/Prefabs/SM_Wep_AssaultRifle_01.prefab using Guid(ad49a19d2c4adc94b838606a5d459f85) Importer(815301076,1909f56bfc062723c751e8b465ee728b)  -> (artifact id: 'db9f50fc7b9747480df2498afc438c4f') in 0.122640 seconds
  Import took 0.128877 seconds .

========================================================================
Received Import Request.
  Time since last request: 6.928598 seconds.
  path: Assets/Prefabs/SM_Wep_AssaultRifle_01.prefab
  artifactKey: Guid(ad49a19d2c4adc94b838606a5d459f85) Importer(815301076,1909f56bfc062723c751e8b465ee728b)
Start importing Assets/Prefabs/SM_Wep_AssaultRifle_01.prefab using Guid(ad49a19d2c4adc94b838606a5d459f85) Importer(815301076,1909f56bfc062723c751e8b465ee728b)  -> (artifact id: 'f803ef67155a4165483a99e60ece131a') in 0.064490 seconds
  Import took 0.073244 seconds .

========================================================================
Received Prepare
Registering precompiled user dll's ...
Registered in 0.001160 seconds.
Begin MonoManager ReloadAssembly
Native extension for WindowsStandalone target not found
Native extension for WebGL target not found
Refreshing native plugins compatible for Editor in 0.36 ms, found 0 plugins.
Preloading 0 native plugins for Editor in 0.00 ms.
Mono: successfully reloaded assembly
- Completed reload, in  1.257 seconds
Platform modules already initialized, skipping
Refreshing native plugins compatible for Editor in 0.45 ms, found 0 plugins.
Preloading 0 native plugins for Editor in 0.00 ms.
Unloading 1895 Unused Serialized files (Serialized files now loaded: 0)
System memory in use before: 90.1 MB.
System memory in use after: 90.2 MB.

Unloading 6 unused Assets to reduce memory usage. Loaded Objects now: 2458.
Total: 3.124200 ms (FindLiveObjects: 0.333100 ms CreateObjectMapping: 0.130800 ms MarkObjects: 2.529400 ms  DeleteObjects: 0.129300 ms)

========================================================================
Received Import Request.
  Time since last request: 48.416948 seconds.
  path: Assets/Prefabs/SM_Wep_AssaultRifle_01.prefab
  artifactKey: Guid(ad49a19d2c4adc94b838606a5d459f85) Importer(815301076,1909f56bfc062723c751e8b465ee728b)
Start importing Assets/Prefabs/SM_Wep_AssaultRifle_01.prefab using Guid(ad49a19d2c4adc94b838606a5d459f85) Importer(815301076,1909f56bfc062723c751e8b465ee728b)  -> (artifact id: 'f45b08ee015c9209122ecad7009e9563') in 0.112589 seconds
  Import took 0.149999 seconds .

========================================================================
Received Import Request.
  Time since last request: 112.294841 seconds.
  path: Assets/Prefabs/SM_Wep_AssaultRifle_01.prefab
  artifactKey: Guid(ad49a19d2c4adc94b838606a5d459f85) Importer(815301076,1909f56bfc062723c751e8b465ee728b)
Start importing Assets/Prefabs/SM_Wep_AssaultRifle_01.prefab using Guid(ad49a19d2c4adc94b838606a5d459f85) Importer(815301076,1909f56bfc062723c751e8b465ee728b)  -> (artifact id: 'd54f157499e29d15fa9b12cb7c4764a6') in 0.072485 seconds
  Import took 0.086790 seconds .

========================================================================
Received Prepare
Registering precompiled user dll's ...
Registered in 0.001428 seconds.
Begin MonoManager ReloadAssembly
Native extension for WindowsStandalone target not found
Native extension for WebGL target not found
Refreshing native plugins compatible for Editor in 1.01 ms, found 0 plugins.
Preloading 0 native plugins for Editor in 0.00 ms.
Mono: successfully reloaded assembly
- Completed reload, in  2.012 seconds
Platform modules already initialized, skipping
Refreshing native plugins compatible for Editor in 1.32 ms, found 0 plugins.
Preloading 0 native plugins for Editor in 0.00 ms.
Unloading 1895 Unused Serialized files (Serialized files now loaded: 0)
System memory in use before: 90.1 MB.
System memory in use after: 90.2 MB.

Unloading 6 unused Assets to reduce memory usage. Loaded Objects now: 2462.
Total: 6.655300 ms (FindLiveObjects: 0.889100 ms CreateObjectMapping: 0.361400 ms MarkObjects: 5.191000 ms  DeleteObjects: 0.207800 ms)

========================================================================
Received Prepare
Registering precompiled user dll's ...
Registered in 0.002046 seconds.
Begin MonoManager ReloadAssembly
Native extension for WindowsStandalone target not found
Native extension for WebGL target not found
Refreshing native plugins compatible for Editor in 0.47 ms, found 0 plugins.
Preloading 0 native plugins for Editor in 0.00 ms.
Mono: successfully reloaded assembly
- Completed reload, in  1.319 seconds
Platform modules already initialized, skipping
Refreshing native plugins compatible for Editor in 0.43 ms, found 0 plugins.
Preloading 0 native plugins for Editor in 0.00 ms.
Unloading 1895 Unused Serialized files (Serialized files now loaded: 0)
System memory in use before: 90.1 MB.
System memory in use after: 90.2 MB.

Unloading 6 unused Assets to reduce memory usage. Loaded Objects now: 2465.
Total: 3.693700 ms (FindLiveObjects: 0.220600 ms CreateObjectMapping: 0.116200 ms MarkObjects: 3.238300 ms  DeleteObjects: 0.116300 ms)

========================================================================
Received Prepare
Registering precompiled user dll's ...
Registered in 0.000773 seconds.
Begin MonoManager ReloadAssembly
Native extension for WindowsStandalone target not found
Native extension for WebGL target not found
Refreshing native plugins compatible for Editor in 0.35 ms, found 0 plugins.
Preloading 0 native plugins for Editor in 0.00 ms.
Mono: successfully reloaded assembly
- Completed reload, in  1.116 seconds
Platform modules already initialized, skipping
Refreshing native plugins compatible for Editor in 0.35 ms, found 0 plugins.
Preloading 0 native plugins for Editor in 0.00 ms.
Unloading 1895 Unused Serialized files (Serialized files now loaded: 0)
System memory in use before: 90.1 MB.
System memory in use after: 90.2 MB.

Unloading 6 unused Assets to reduce memory usage. Loaded Objects now: 2468.
Total: 3.911800 ms (FindLiveObjects: 0.450200 ms CreateObjectMapping: 0.096800 ms MarkObjects: 3.216100 ms  DeleteObjects: 0.146400 ms)

========================================================================
Received Prepare
Registering precompiled user dll's ...
Registered in 0.001186 seconds.
Begin MonoManager ReloadAssembly
Native extension for WindowsStandalone target not found
Native extension for WebGL target not found
Refreshing native plugins compatible for Editor in 0.33 ms, found 0 plugins.
Preloading 0 native plugins for Editor in 0.00 ms.
Mono: successfully reloaded assembly
- Completed reload, in  1.041 seconds
Platform modules already initialized, skipping
Refreshing native plugins compatible for Editor in 0.36 ms, found 0 plugins.
Preloading 0 native plugins for Editor in 0.00 ms.
Unloading 1895 Unused Serialized files (Serialized files now loaded: 0)
System memory in use before: 90.1 MB.
System memory in use after: 90.2 MB.

Unloading 6 unused Assets to reduce memory usage. Loaded Objects now: 2471.
Total: 4.417300 ms (FindLiveObjects: 0.222600 ms CreateObjectMapping: 0.080800 ms MarkObjects: 4.033600 ms  DeleteObjects: 0.079100 ms)

========================================================================
Received Prepare
Registering precompiled user dll's ...
Registered in 0.000791 seconds.
Begin MonoManager ReloadAssembly
Native extension for WindowsStandalone target not found
Native extension for WebGL target not found
Refreshing native plugins compatible for Editor in 0.42 ms, found 0 plugins.
Preloading 0 native plugins for Editor in 0.00 ms.
Mono: successfully reloaded assembly
- Completed reload, in  1.099 seconds
Platform modules already initialized, skipping
Refreshing native plugins compatible for Editor in 0.42 ms, found 0 plugins.
Preloading 0 native plugins for Editor in 0.00 ms.
Unloading 1895 Unused Serialized files (Serialized files now loaded: 0)
System memory in use before: 90.1 MB.
System memory in use after: 90.2 MB.

Unloading 6 unused Assets to reduce memory usage. Loaded Objects now: 2474.
Total: 3.083800 ms (FindLiveObjects: 0.446800 ms CreateObjectMapping: 0.180300 ms MarkObjects: 2.326700 ms  DeleteObjects: 0.128300 ms)

========================================================================
Received Prepare
Registering precompiled user dll's ...
Registered in 0.000779 seconds.
Begin MonoManager ReloadAssembly
Native extension for WindowsStandalone target not found
Native extension for WebGL target not found
Refreshing native plugins compatible for Editor in 0.56 ms, found 0 plugins.
Preloading 0 native plugins for Editor in 0.00 ms.
Mono: successfully reloaded assembly
- Completed reload, in  1.144 seconds
Platform modules already initialized, skipping
Refreshing native plugins compatible for Editor in 0.53 ms, found 0 plugins.
Preloading 0 native plugins for Editor in 0.00 ms.
Unloading 1895 Unused Serialized files (Serialized files now loaded: 0)
System memory in use before: 90.1 MB.
System memory in use after: 90.2 MB.

Unloading 6 unused Assets to reduce memory usage. Loaded Objects now: 2477.
Total: 3.178700 ms (FindLiveObjects: 0.429000 ms CreateObjectMapping: 0.095600 ms MarkObjects: 2.526900 ms  DeleteObjects: 0.125500 ms)

========================================================================
Received Prepare
Registering precompiled user dll's ...
Registered in 0.000835 seconds.
Begin MonoManager ReloadAssembly
Native extension for WindowsStandalone target not found
Native extension for WebGL target not found
Refreshing native plugins compatible for Editor in 0.42 ms, found 0 plugins.
Preloading 0 native plugins for Editor in 0.00 ms.
Mono: successfully reloaded assembly
- Completed reload, in  1.131 seconds
Platform modules already initialized, skipping
Refreshing native plugins compatible for Editor in 0.36 ms, found 0 plugins.
Preloading 0 native plugins for Editor in 0.00 ms.
Unloading 1895 Unused Serialized files (Serialized files now loaded: 0)
System memory in use before: 90.1 MB.
System memory in use after: 90.2 MB.

Unloading 6 unused Assets to reduce memory usage. Loaded Objects now: 2480.
Total: 3.361500 ms (FindLiveObjects: 0.633200 ms CreateObjectMapping: 0.220400 ms MarkObjects: 2.345500 ms  DeleteObjects: 0.161100 ms)

========================================================================
Received Prepare
Registering precompiled user dll's ...
Registered in 0.000935 seconds.
Begin MonoManager ReloadAssembly
Native extension for WindowsStandalone target not found
Native extension for WebGL target not found
Refreshing native plugins compatible for Editor in 0.35 ms, found 0 plugins.
Preloading 0 native plugins for Editor in 0.00 ms.
Mono: successfully reloaded assembly
- Completed reload, in  1.187 seconds
Platform modules already initialized, skipping
Refreshing native plugins compatible for Editor in 0.37 ms, found 0 plugins.
Preloading 0 native plugins for Editor in 0.00 ms.
Unloading 1895 Unused Serialized files (Serialized files now loaded: 0)
System memory in use before: 90.1 MB.
System memory in use after: 90.2 MB.

Unloading 6 unused Assets to reduce memory usage. Loaded Objects now: 2483.
Total: 2.914500 ms (FindLiveObjects: 0.235500 ms CreateObjectMapping: 0.136200 ms MarkObjects: 2.406300 ms  DeleteObjects: 0.135200 ms)

========================================================================
Received Prepare
Registering precompiled user dll's ...
Registered in 0.000775 seconds.
Begin MonoManager ReloadAssembly
Native extension for WindowsStandalone target not found
Native extension for WebGL target not found
Refreshing native plugins compatible for Editor in 0.45 ms, found 0 plugins.
Preloading 0 native plugins for Editor in 0.00 ms.
Mono: successfully reloaded assembly
- Completed reload, in  1.142 seconds
Platform modules already initialized, skipping
Refreshing native plugins compatible for Editor in 0.36 ms, found 0 plugins.
Preloading 0 native plugins for Editor in 0.00 ms.
Unloading 1895 Unused Serialized files (Serialized files now loaded: 0)
System memory in use before: 90.2 MB.
System memory in use after: 90.2 MB.

Unloading 6 unused Assets to reduce memory usage. Loaded Objects now: 2486.
Total: 2.740600 ms (FindLiveObjects: 0.224300 ms CreateObjectMapping: 0.082100 ms MarkObjects: 2.299700 ms  DeleteObjects: 0.133500 ms)

========================================================================
Received Prepare
Registering precompiled user dll's ...
Registered in 0.001131 seconds.
Begin MonoManager ReloadAssembly
Native extension for WindowsStandalone target not found
Native extension for WebGL target not found
Refreshing native plugins compatible for Editor in 0.39 ms, found 0 plugins.
Preloading 0 native plugins for Editor in 0.00 ms.
Mono: successfully reloaded assembly
- Completed reload, in  1.516 seconds
Platform modules already initialized, skipping
Refreshing native plugins compatible for Editor in 0.44 ms, found 0 plugins.
Preloading 0 native plugins for Editor in 0.00 ms.
Unloading 1895 Unused Serialized files (Serialized files now loaded: 0)
System memory in use before: 90.2 MB.
System memory in use after: 90.2 MB.

Unloading 6 unused Assets to reduce memory usage. Loaded Objects now: 2489.
Total: 2.883700 ms (FindLiveObjects: 0.290900 ms CreateObjectMapping: 0.105900 ms MarkObjects: 2.407400 ms  DeleteObjects: 0.077400 ms)

AssetImportWorkerClient::OnTransportError - code=2 error=End of file
