Using pre-set license
Built from '2020.3/staging' branch; Version is '2020.3.6f1 (338bb68529b2) revision 3378102'; Using compiler version '192528614'; Build Type 'Release'
OS: 'Windows 10 Home; OS build 19043.1466; Version 2009; 64bit' Language: 'en' Physical Memory: 16273 MB
BatchMode: 1, IsHumanControllingUs: 0, StartBugReporterOnCrash: 0, Is64bit: 1, IsPro: 0

 COMMAND LINE ARGUMENTS:
D:\Program Files\Unity\Unity Installs\2020.3.6f1\Editor\Unity.exe
-adb2
-batchMode
-noUpm
-name
AssetImportWorker0
-projectPath
D:/Github/Endless-Horde-Zombie-Shooter/EndlessZombieHordeShooter
-logFile
Logs/AssetImportWorker0.log
-srvPort
62829
Successfully changed project path to: D:/Github/Endless-Horde-Zombie-Shooter/EndlessZombieHordeShooter
D:/Github/Endless-Horde-Zombie-Shooter/EndlessZombieHordeShooter
Using Asset Import Pipeline V2.
Refreshing native plugins compatible for Editor in 41.45 ms, found 0 plugins.
Preloading 0 native plugins for Editor in 0.00 ms.
Initialize engine version: 2020.3.6f1 (338bb68529b2)
[Subsystems] Discovering subsystems at path D:/Program Files/Unity/Unity Installs/2020.3.6f1/Editor/Data/Resources/UnitySubsystems
[Subsystems] Discovering subsystems at path D:/Github/Endless-Horde-Zombie-Shooter/EndlessZombieHordeShooter/Assets
GfxDevice: creating device client; threaded=0
Direct3D:
    Version:  Direct3D 11.0 [level 11.1]
    Renderer: NVIDIA GeForce GTX 965M (ID=0x1427)
    Vendor:   
    VRAM:     4053 MB
    Driver:   30.0.14.7168
Initialize mono
Mono path[0] = 'D:/Program Files/Unity/Unity Installs/2020.3.6f1/Editor/Data/Managed'
Mono path[1] = 'D:/Program Files/Unity/Unity Installs/2020.3.6f1/Editor/Data/MonoBleedingEdge/lib/mono/unityjit'
Mono config path = 'D:/Program Files/Unity/Unity Installs/2020.3.6f1/Editor/Data/MonoBleedingEdge/etc'
Using monoOptions --debugger-agent=transport=dt_socket,embedding=1,server=y,suspend=n,address=127.0.0.1:56504
Begin MonoManager ReloadAssembly
Registering precompiled unity dll's ...
Register platform support module: D:/Program Files/Unity/Unity Installs/2020.3.6f1/Editor/Data/PlaybackEngines/WebGLSupport/UnityEditor.WebGL.Extensions.dll
Register platform support module: D:/Program Files/Unity/Unity Installs/2020.3.6f1/Editor/Data/PlaybackEngines/WindowsStandaloneSupport/UnityEditor.WindowsStandalone.Extensions.dll
Registered in 0.001791 seconds.
Native extension for WindowsStandalone target not found
Native extension for WebGL target not found
Refreshing native plugins compatible for Editor in 67.42 ms, found 0 plugins.
Preloading 0 native plugins for Editor in 0.00 ms.
Mono: successfully reloaded assembly
- Completed reload, in  2.265 seconds
Platform modules already initialized, skipping
Registering precompiled user dll's ...
Registered in 0.001792 seconds.
Begin MonoManager ReloadAssembly
Native extension for WindowsStandalone target not found
Native extension for WebGL target not found
Refreshing native plugins compatible for Editor in 54.33 ms, found 0 plugins.
Preloading 0 native plugins for Editor in 0.00 ms.
Mono: successfully reloaded assembly
- Completed reload, in  1.320 seconds
Platform modules already initialized, skipping
========================================================================
Worker process is ready to serve import requests
Launched and connected shader compiler UnityShaderCompiler.exe after 0.12 seconds
Refreshing native plugins compatible for Editor in 0.45 ms, found 0 plugins.
Preloading 0 native plugins for Editor in 0.00 ms.
Unloading 1919 Unused Serialized files (Serialized files now loaded: 0)
System memory in use before: 88.4 MB.
System memory in use after: 88.5 MB.

Unloading 13 unused Assets to reduce memory usage. Loaded Objects now: 2365.
Total: 5.079500 ms (FindLiveObjects: 0.359400 ms CreateObjectMapping: 0.164300 ms MarkObjects: 4.323700 ms  DeleteObjects: 0.230500 ms)

========================================================================
Received Import Request.
  path: Assets/Characters/Art
  artifactKey: Guid(c45a7738a80f2ae479df24216013b296) Importer(815301076,1909f56bfc062723c751e8b465ee728b)
Start importing Assets/Characters/Art using Guid(c45a7738a80f2ae479df24216013b296) Importer(815301076,1909f56bfc062723c751e8b465ee728b)  -> (artifact id: 'df7deebd61f1d1fa6ebab34473a9cbd2') in 0.028839 seconds
  Import took 0.033400 seconds .

========================================================================
Received Import Request.
  Time since last request: 35.869330 seconds.
  path: Assets/Scripts
  artifactKey: Guid(f6aae647af2fb4645aa07ca4970d9e8d) Importer(815301076,1909f56bfc062723c751e8b465ee728b)
Start importing Assets/Scripts using Guid(f6aae647af2fb4645aa07ca4970d9e8d) Importer(815301076,1909f56bfc062723c751e8b465ee728b)  -> (artifact id: '222498236a50badcf4424a87b0edd8be') in 0.010925 seconds
  Import took 0.015229 seconds .

========================================================================
Received Import Request.
  Time since last request: 5.749018 seconds.
  path: Assets/Prefabs
  artifactKey: Guid(bd411d963daad8345b83c58f11b3e837) Importer(815301076,1909f56bfc062723c751e8b465ee728b)
Start importing Assets/Prefabs using Guid(bd411d963daad8345b83c58f11b3e837) Importer(815301076,1909f56bfc062723c751e8b465ee728b)  -> (artifact id: '2c9f45da58a72480bbfa2903b25a7bc5') in 0.009407 seconds
  Import took 0.013392 seconds .

========================================================================
Received Import Request.
  Time since last request: 75.724909 seconds.
  path: Assets/Data
  artifactKey: Guid(1eb406cd5911e52499f65bb4bcf3a8c7) Importer(815301076,1909f56bfc062723c751e8b465ee728b)
Start importing Assets/Data using Guid(1eb406cd5911e52499f65bb4bcf3a8c7) Importer(815301076,1909f56bfc062723c751e8b465ee728b)  -> (artifact id: '3dbd426700f8f5821bc31cd8ffe1dbc1') in 0.010621 seconds
  Import took 0.014757 seconds .

========================================================================
Received Import Request.
  Time since last request: 31.745596 seconds.
  path: Assets/Data/PlayerInputActions.inputactions
  artifactKey: Guid(8890171b86917f2499bf0c9124f6dad7) Importer(815301076,1909f56bfc062723c751e8b465ee728b)
Start importing Assets/Data/PlayerInputActions.inputactions using Guid(8890171b86917f2499bf0c9124f6dad7) Importer(815301076,1909f56bfc062723c751e8b465ee728b)  -> (artifact id: 'ab05634bed910583b86a3992dfcb342d') in 0.096256 seconds
  Import took 0.101224 seconds .

AssetImportWorkerClient::OnTransportError - code=2 error=End of file
